#
# There is insufficient memory for the Java Runtime Environment to continue.
# Native memory allocation (malloc) failed to allocate 32744 bytes for ChunkPool::allocate
# Possible reasons:
#   The system is out of physical RAM or swap space
#   The process is running with CompressedOops enabled, and the Java Heap may be blocking the growth of the native heap
# Possible solutions:
#   Reduce memory load on the system
#   Increase physical memory or swap space
#   Check if swap backing store is full
#   Decrease Java heap size (-Xmx/-Xms)
#   Decrease number of Java threads
#   Decrease Java thread stack sizes (-Xss)
#   Set larger code cache with -XX:ReservedCodeCacheSize=
#   JVM is running with Zero Based Compressed Oops mode in which the Java heap is
#     placed in the first 32GB address space. The Java Heap base address is the
#     maximum limit for the native heap growth. Please use -XX:HeapBaseMinAddress
#     to set the Java Heap base and to place the Java Heap above 32GB virtual address.
# This output file may be truncated or incomplete.
#
#  Out of Memory Error (allocation.cpp:272), pid=24332, tid=0x00000000000065a0
#
# JRE version: Java(TM) SE Runtime Environment (8.0_421) (build 1.8.0_421-b09)
# Java VM: Java HotSpot(TM) 64-Bit Server VM (25.421-b09 mixed mode windows-amd64 compressed oops)
# Failed to write core dump. Minidumps are not enabled by default on client versions of Windows
#

---------------  T H R E A D  ---------------

Current thread (0x000002cd7cc04000):  JavaThread "C1 CompilerThread8" daemon [_thread_in_native, id=26016, stack(0x000000e120100000,0x000000e120200000)]

Stack: [0x000000e120100000,0x000000e120200000]
Native frames: (J=compiled Java code, j=interpreted, Vv=VM code, C=native code)
V  [jvm.dll+0x34bb09]
V  [jvm.dll+0x288eb2]
V  [jvm.dll+0x289a80]
V  [jvm.dll+0x27dd05]
V  [jvm.dll+0xda38d]
V  [jvm.dll+0xda71c]
V  [jvm.dll+0x417e4f]
V  [jvm.dll+0x41af47]
V  [jvm.dll+0x41d6d9]
V  [jvm.dll+0x4007c1]
V  [jvm.dll+0x40003d]
V  [jvm.dll+0x40022b]
V  [jvm.dll+0x3ff961]
V  [jvm.dll+0x40135f]
V  [jvm.dll+0xaf385]
V  [jvm.dll+0xada9f]
V  [jvm.dll+0x24e5d9]
V  [jvm.dll+0x2a59dc]
C  [ucrtbase.dll+0x37b0]
C  [KERNEL32.DLL+0x2e8d7]
C  [ntdll.dll+0x8c40c]


Current CompileTask:
C1:  33375 3308       3       java.lang.Class$MethodArray::remove (39 bytes)


---------------  P R O C E S S  ---------------

Java Threads: ( => current thread )
  0x000002cd7f5e9800 JavaThread "File lock release action executor Thread 2" [_thread_blocked, id=26360, stack(0x000000e122200000,0x000000e122300000)]
  0x000002cd7f5ec800 JavaThread "jar transforms Thread 5" [_thread_blocked, id=24884, stack(0x000000e122100000,0x000000e122200000)]
  0x000002cd7f5e9000 JavaThread "jar transforms Thread 4" [_thread_blocked, id=23128, stack(0x000000e122000000,0x000000e122100000)]
  0x000002cd7f5eb000 JavaThread "File lock release action executor" [_thread_blocked, id=27032, stack(0x000000e121f00000,0x000000e122000000)]
  0x000002cd7f5ea800 JavaThread "Cache worker for execution history cache (C:\Users\Nicoj\.gradle\caches\8.4\executionHistory)" [_thread_blocked, id=17624, stack(0x000000e121e00000,0x000000e121f00000)]
  0x000002cd7f5ec000 JavaThread "Cache worker for cache directory md-rule (C:\Users\Nicoj\.gradle\caches\8.4\md-rule)" [_thread_blocked, id=25816, stack(0x000000e121d00000,0x000000e121e00000)]
  0x000002cd7f5e7800 JavaThread "Cache worker for file content cache (C:\Users\Nicoj\.gradle\caches\8.4\fileContent)" [_thread_blocked, id=24584, stack(0x000000e121c00000,0x000000e121d00000)]
  0x000002cd7f5e8000 JavaThread "Cache worker for cache directory md-supplier (C:\Users\Nicoj\.gradle\caches\8.4\md-supplier)" [_thread_blocked, id=17264, stack(0x000000e121b00000,0x000000e121c00000)]
  0x000002cd09b4c000 JavaThread "Cache worker for file hash cache (C:\IT342_G3_COLO_Lab1\mobile\.gradle\8.4\fileHashes)" [_thread_blocked, id=26876, stack(0x000000e121a00000,0x000000e121b00000)]
  0x000002cd09b4b800 JavaThread "Cache worker for checksums cache (C:\IT342_G3_COLO_Lab1\mobile\.gradle\8.4\checksums)" [_thread_blocked, id=26800, stack(0x000000e121900000,0x000000e121a00000)]
  0x000002cd09b4a800 JavaThread "jar transforms Thread 3" [_thread_blocked, id=24660, stack(0x000000e121800000,0x000000e121900000)]
  0x000002cd09b4a000 JavaThread "jar transforms Thread 2" [_thread_blocked, id=11468, stack(0x000000e121700000,0x000000e121800000)]
  0x000002cd09b4d000 JavaThread "jar transforms" [_thread_blocked, id=21844, stack(0x000000e121600000,0x000000e121700000)]
  0x000002cd09b47800 JavaThread "File watcher consumer" daemon [_thread_blocked, id=22224, stack(0x000000e121500000,0x000000e121600000)]
  0x000002cd09b47000 JavaThread "File watcher server" daemon [_thread_in_native, id=5208, stack(0x000000e121400000,0x000000e121500000)]
  0x000002cd09b46000 JavaThread "Cache worker for file hash cache (C:\Users\Nicoj\.gradle\caches\8.4\fileHashes)" [_thread_blocked, id=25060, stack(0x000000e121300000,0x000000e121400000)]
  0x000002cd09b48800 JavaThread "File lock request listener" [_thread_in_native, id=16936, stack(0x000000e121200000,0x000000e121300000)]
  0x000002cd09b49000 JavaThread "Cache worker for journal cache (C:\Users\Nicoj\.gradle\caches\journal-1)" [_thread_blocked, id=27092, stack(0x000000e121100000,0x000000e121200000)]
  0x000002cd7ea36800 JavaThread "Daemon client event forwarder" [_thread_blocked, id=20856, stack(0x000000e121000000,0x000000e121100000)]
  0x000002cd7ea2f800 JavaThread "Stdin handler" [_thread_blocked, id=22624, stack(0x000000e120f00000,0x000000e121000000)]
  0x000002cd7ea3c000 JavaThread "Asynchronous log dispatcher for DefaultDaemonConnection: socket connection from /127.0.0.1:52293 to /127.0.0.1:52294" [_thread_blocked, id=1152, stack(0x000000e120e00000,0x000000e120f00000)]
  0x000002cd7ea2d800 JavaThread "Daemon worker" [_thread_in_Java, id=17148, stack(0x000000e120d00000,0x000000e120e00000)]
  0x000002cd7ecaa000 JavaThread "Cancel handler" [_thread_blocked, id=27052, stack(0x000000e120c00000,0x000000e120d00000)]
  0x000002cd7ea19800 JavaThread "Handler for socket connection from /127.0.0.1:52293 to /127.0.0.1:52294" [_thread_in_native, id=6052, stack(0x000000e120b00000,0x000000e120c00000)]
  0x000002cd7ea04000 JavaThread "Daemon" [_thread_blocked, id=13860, stack(0x000000e120a00000,0x000000e120b00000)]
  0x000002cd7e9fc000 JavaThread "Daemon periodic checks" [_thread_blocked, id=27232, stack(0x000000e120900000,0x000000e120a00000)]
  0x000002cd7ea00000 JavaThread "Incoming local TCP Connector on port 52293" [_thread_in_native, id=6808, stack(0x000000e120800000,0x000000e120900000)]
  0x000002cd7e865800 JavaThread "Daemon health stats" [_thread_blocked, id=24948, stack(0x000000e120700000,0x000000e120800000)]
  0x000002cd7ccc9000 JavaThread "Service Thread" daemon [_thread_blocked, id=1768, stack(0x000000e120500000,0x000000e120600000)]
  0x000002cd7cc11800 JavaThread "C1 CompilerThread11" daemon [_thread_in_vm, id=7632, stack(0x000000e120400000,0x000000e120500000)]
  0x000002cd7cc0f800 JavaThread "C1 CompilerThread10" daemon [_thread_blocked, id=20880, stack(0x000000e120300000,0x000000e120400000)]
  0x000002cd7cc0f000 JavaThread "C1 CompilerThread9" daemon [_thread_blocked, id=24672, stack(0x000000e120200000,0x000000e120300000)]
=>0x000002cd7cc04000 JavaThread "C1 CompilerThread8" daemon [_thread_in_native, id=26016, stack(0x000000e120100000,0x000000e120200000)]
  0x000002cd7cbf4800 JavaThread "C2 CompilerThread7" daemon [_thread_blocked, id=26052, stack(0x000000e120000000,0x000000e120100000)]
  0x000002cd7cbf0000 JavaThread "C2 CompilerThread6" daemon [_thread_blocked, id=28028, stack(0x000000e11ff00000,0x000000e120000000)]
  0x000002cd7cbef000 JavaThread "C2 CompilerThread5" daemon [_thread_in_native, id=14296, stack(0x000000e11fe00000,0x000000e11ff00000)]
  0x000002cd7cbee800 JavaThread "C2 CompilerThread4" daemon [_thread_blocked, id=3012, stack(0x000000e11fd00000,0x000000e11fe00000)]
  0x000002cd7cbe8800 JavaThread "C2 CompilerThread3" daemon [_thread_in_native, id=18684, stack(0x000000e11fc00000,0x000000e11fd00000)]
  0x000002cd7cbe6000 JavaThread "C2 CompilerThread2" daemon [_thread_in_native, id=1376, stack(0x000000e11fb00000,0x000000e11fc00000)]
  0x000002cd7cbe3000 JavaThread "C2 CompilerThread1" daemon [_thread_blocked, id=24360, stack(0x000000e11fa00000,0x000000e11fb00000)]
  0x000002cd7cbe2800 JavaThread "C2 CompilerThread0" daemon [_thread_blocked, id=10492, stack(0x000000e11f900000,0x000000e11fa00000)]
  0x000002cd7cb1c000 JavaThread "Attach Listener" daemon [_thread_blocked, id=8144, stack(0x000000e11f800000,0x000000e11f900000)]
  0x000002cd7cb17800 JavaThread "Signal Dispatcher" daemon [_thread_blocked, id=24320, stack(0x000000e11f700000,0x000000e11f800000)]
  0x000002cd79e19800 JavaThread "Finalizer" daemon [_thread_blocked, id=7856, stack(0x000000e11f600000,0x000000e11f700000)]
  0x000002cd79e13000 JavaThread "Reference Handler" daemon [_thread_blocked, id=24004, stack(0x000000e11f500000,0x000000e11f600000)]
  0x000002cd66f2e000 JavaThread "main" [_thread_blocked, id=25244, stack(0x000000e11e600000,0x000000e11e700000)]

Other Threads:
  0x000002cd79e0b800 VMThread [stack: 0x000000e11f400000,0x000000e11f500000] [id=23980]
  0x000002cd7ccf3000 WatcherThread [stack: 0x000000e120600000,0x000000e120700000] [id=20964]

VM state:not at safepoint (normal execution)

VM Mutex/Monitor currently owned by a thread: None

heap address: 0x00000006c0000000, size: 4096 MB, Compressed Oops mode: Zero based, Oop shift amount: 3
Narrow klass base: 0x0000000000000000, Narrow klass shift: 3
Compressed class space size: 1073741824 Address: 0x00000007c0000000

Heap:
 PSYoungGen      total 209920K, used 28182K [0x000000076ab00000, 0x0000000778b80000, 0x00000007c0000000)
  eden space 197632K, 14% used [0x000000076ab00000,0x000000076c685bd0,0x0000000776c00000)
  from space 12288K, 0% used [0x0000000777f80000,0x0000000777f80000,0x0000000778b80000)
  to   space 14336K, 0% used [0x0000000776f80000,0x0000000776f80000,0x0000000777d80000)
 ParOldGen       total 57344K, used 18569K [0x00000006c0000000, 0x00000006c3800000, 0x000000076ab00000)
  object space 57344K, 32% used [0x00000006c0000000,0x00000006c1222690,0x00000006c3800000)
 Metaspace       used 36634K, capacity 38630K, committed 39040K, reserved 1083392K
  class space    used 5230K, capacity 5653K, committed 5760K, reserved 1048576K

Card table byte_map: [0x000002cd77d70000,0x000002cd78580000] byte_map_base: 0x000002cd74770000

Marking Bits: (ParMarkBitMap*) 0x00007ffe6823f200
 Begin Bits: [0x000002cd00000000, 0x000002cd04000000)
 End Bits:   [0x000002cd04000000, 0x000002cd08000000)

Polling page: 0x000002cd671b0000

CodeCache: size=245760Kb used=12402Kb max_used=12402Kb free=233357Kb
 bounds [0x000002cd689b0000, 0x000002cd695e0000, 0x000002cd779b0000]
 total_blobs=3718 nmethods=2987 adapters=640
 compilation: enabled

Compilation events (10 events):
Event: 30.158 Thread 0x000002cd7cc0f000 3305       3       java.lang.ClassValue$ClassValueMap::probeBackupLocations (151 bytes)
Event: 30.158 Thread 0x000002cd7cc11800 3306   !   3       java.lang.ClassValue::getFromHashMap (70 bytes)
Event: 30.158 Thread 0x000002cd7cbe2800 3307       4       org.codehaus.groovy.util.LazyReference::get (44 bytes)
Event: 31.160 Thread 0x000002cd7cc0f000 nmethod 3305 0x000002cd695c3890 code [0x000002cd695c3ae0, 0x000002cd695c4f38]
Event: 31.160 Thread 0x000002cd7cc11800 nmethod 3306 0x000002cd695c2390 code [0x000002cd695c25c0, 0x000002cd695c3200]
Event: 31.162 Thread 0x000002cd7cc04000 3308       3       java.lang.Class$MethodArray::remove (39 bytes)
Event: 31.162 Thread 0x000002cd7cc0f800 3309       3       org.codehaus.groovy.reflection.CachedClass::addSubclassExpandos (138 bytes)
Event: 31.163 Thread 0x000002cd7cbee800 3310       4       java.lang.AbstractStringBuilder::append (62 bytes)
Event: 32.506 Thread 0x000002cd7cc0f000 3311       3       org.gradle.internal.serialize.InputStreamBackedDecoder::readLong (8 bytes)
Event: 32.508 Thread 0x000002cd7cc11800 3315       3       java.util.Formatter$Conversion::isGeneral (64 bytes)

GC Heap History (10 events):
Event: 4.344 GC heap before
{Heap before GC invocations=6 (full 0):
 PSYoungGen      total 68608K, used 45667K [0x000000076ab00000, 0x0000000773c00000, 0x00000007c0000000)
  eden space 63488K, 63% used [0x000000076ab00000,0x000000076d29cf48,0x000000076e900000)
  from space 5120K, 99% used [0x000000076e900000,0x000000076edfc030,0x000000076ee00000)
  to   space 10752K, 0% used [0x0000000773180000,0x0000000773180000,0x0000000773c00000)
 ParOldGen       total 84992K, used 7416K [0x00000006c0000000, 0x00000006c5300000, 0x000000076ab00000)
  object space 84992K, 8% used [0x00000006c0000000,0x00000006c073e120,0x00000006c5300000)
 Metaspace       used 20299K, capacity 21224K, committed 21296K, reserved 1067008K
  class space    used 2917K, capacity 3140K, committed 3200K, reserved 1048576K
Event: 4.353 GC heap after
Heap after GC invocations=6 (full 0):
 PSYoungGen      total 137216K, used 8114K [0x000000076ab00000, 0x0000000773d00000, 0x00000007c0000000)
  eden space 126464K, 0% used [0x000000076ab00000,0x000000076ab00000,0x0000000772680000)
  from space 10752K, 75% used [0x0000000773180000,0x000000077396c8f0,0x0000000773c00000)
  to   space 11264K, 0% used [0x0000000772680000,0x0000000772680000,0x0000000773180000)
 ParOldGen       total 84992K, used 7424K [0x00000006c0000000, 0x00000006c5300000, 0x000000076ab00000)
  object space 84992K, 8% used [0x00000006c0000000,0x00000006c0740120,0x00000006c5300000)
 Metaspace       used 20299K, capacity 21224K, committed 21296K, reserved 1067008K
  class space    used 2917K, capacity 3140K, committed 3200K, reserved 1048576K
}
Event: 4.353 GC heap before
{Heap before GC invocations=7 (full 1):
 PSYoungGen      total 137216K, used 8114K [0x000000076ab00000, 0x0000000773d00000, 0x00000007c0000000)
  eden space 126464K, 0% used [0x000000076ab00000,0x000000076ab00000,0x0000000772680000)
  from space 10752K, 75% used [0x0000000773180000,0x000000077396c8f0,0x0000000773c00000)
  to   space 11264K, 0% used [0x0000000772680000,0x0000000772680000,0x0000000773180000)
 ParOldGen       total 84992K, used 7424K [0x00000006c0000000, 0x00000006c5300000, 0x000000076ab00000)
  object space 84992K, 8% used [0x00000006c0000000,0x00000006c0740120,0x00000006c5300000)
 Metaspace       used 20299K, capacity 21224K, committed 21296K, reserved 1067008K
  class space    used 2917K, capacity 3140K, committed 3200K, reserved 1048576K
Event: 4.384 GC heap after
Heap after GC invocations=7 (full 1):
 PSYoungGen      total 137216K, used 0K [0x000000076ab00000, 0x0000000773d00000, 0x00000007c0000000)
  eden space 126464K, 0% used [0x000000076ab00000,0x000000076ab00000,0x0000000772680000)
  from space 10752K, 0% used [0x0000000773180000,0x0000000773180000,0x0000000773c00000)
  to   space 11264K, 0% used [0x0000000772680000,0x0000000772680000,0x0000000773180000)
 ParOldGen       total 57344K, used 9117K [0x00000006c0000000, 0x00000006c3800000, 0x000000076ab00000)
  object space 57344K, 15% used [0x00000006c0000000,0x00000006c08e7628,0x00000006c3800000)
 Metaspace       used 20299K, capacity 21224K, committed 21296K, reserved 1067008K
  class space    used 2917K, capacity 3140K, committed 3200K, reserved 1048576K
}
Event: 5.643 GC heap before
{Heap before GC invocations=8 (full 1):
 PSYoungGen      total 137216K, used 126464K [0x000000076ab00000, 0x0000000773d00000, 0x00000007c0000000)
  eden space 126464K, 100% used [0x000000076ab00000,0x0000000772680000,0x0000000772680000)
  from space 10752K, 0% used [0x0000000773180000,0x0000000773180000,0x0000000773c00000)
  to   space 11264K, 0% used [0x0000000772680000,0x0000000772680000,0x0000000773180000)
 ParOldGen       total 57344K, used 9117K [0x00000006c0000000, 0x00000006c3800000, 0x000000076ab00000)
  object space 57344K, 15% used [0x00000006c0000000,0x00000006c08e7628,0x00000006c3800000)
 Metaspace       used 27594K, capacity 29180K, committed 29312K, reserved 1075200K
  class space    used 4055K, capacity 4410K, committed 4480K, reserved 1048576K
Event: 5.654 GC heap after
Heap after GC invocations=8 (full 1):
 PSYoungGen      total 137728K, used 11109K [0x000000076ab00000, 0x0000000778c00000, 0x00000007c0000000)
  eden space 126464K, 0% used [0x000000076ab00000,0x000000076ab00000,0x0000000772680000)
  from space 11264K, 98% used [0x0000000772680000,0x00000007731596e8,0x0000000773180000)
  to   space 12800K, 0% used [0x0000000777f80000,0x0000000777f80000,0x0000000778c00000)
 ParOldGen       total 57344K, used 9125K [0x00000006c0000000, 0x00000006c3800000, 0x000000076ab00000)
  object space 57344K, 15% used [0x00000006c0000000,0x00000006c08e9628,0x00000006c3800000)
 Metaspace       used 27594K, capacity 29180K, committed 29312K, reserved 1075200K
  class space    used 4055K, capacity 4410K, committed 4480K, reserved 1048576K
}
Event: 11.594 GC heap before
{Heap before GC invocations=9 (full 1):
 PSYoungGen      total 137728K, used 81975K [0x000000076ab00000, 0x0000000778c00000, 0x00000007c0000000)
  eden space 126464K, 56% used [0x000000076ab00000,0x000000076f0345e8,0x0000000772680000)
  from space 11264K, 98% used [0x0000000772680000,0x00000007731596e8,0x0000000773180000)
  to   space 12800K, 0% used [0x0000000777f80000,0x0000000777f80000,0x0000000778c00000)
 ParOldGen       total 57344K, used 9125K [0x00000006c0000000, 0x00000006c3800000, 0x000000076ab00000)
  object space 57344K, 15% used [0x00000006c0000000,0x00000006c08e9628,0x00000006c3800000)
 Metaspace       used 33449K, capacity 35404K, committed 35496K, reserved 1079296K
  class space    used 4880K, capacity 5285K, committed 5376K, reserved 1048576K
Event: 11.607 GC heap after
Heap after GC invocations=9 (full 1):
 PSYoungGen      total 209920K, used 12014K [0x000000076ab00000, 0x0000000778b80000, 0x00000007c0000000)
  eden space 197632K, 0% used [0x000000076ab00000,0x000000076ab00000,0x0000000776c00000)
  from space 12288K, 97% used [0x0000000777f80000,0x0000000778b3bb18,0x0000000778b80000)
  to   space 14336K, 0% used [0x0000000776f80000,0x0000000776f80000,0x0000000777d80000)
 ParOldGen       total 57344K, used 9133K [0x00000006c0000000, 0x00000006c3800000, 0x000000076ab00000)
  object space 57344K, 15% used [0x00000006c0000000,0x00000006c08eb628,0x00000006c3800000)
 Metaspace       used 33449K, capacity 35404K, committed 35496K, reserved 1079296K
  class space    used 4880K, capacity 5285K, committed 5376K, reserved 1048576K
}
Event: 11.607 GC heap before
{Heap before GC invocations=10 (full 2):
 PSYoungGen      total 209920K, used 12014K [0x000000076ab00000, 0x0000000778b80000, 0x00000007c0000000)
  eden space 197632K, 0% used [0x000000076ab00000,0x000000076ab00000,0x0000000776c00000)
  from space 12288K, 97% used [0x0000000777f80000,0x0000000778b3bb18,0x0000000778b80000)
  to   space 14336K, 0% used [0x0000000776f80000,0x0000000776f80000,0x0000000777d80000)
 ParOldGen       total 57344K, used 9133K [0x00000006c0000000, 0x00000006c3800000, 0x000000076ab00000)
  object space 57344K, 15% used [0x00000006c0000000,0x00000006c08eb628,0x00000006c3800000)
 Metaspace       used 33449K, capacity 35404K, committed 35496K, reserved 1079296K
  class space    used 4880K, capacity 5285K, committed 5376K, reserved 1048576K
Event: 15.674 GC heap after
Heap after GC invocations=10 (full 2):
 PSYoungGen      total 209920K, used 0K [0x000000076ab00000, 0x0000000778b80000, 0x00000007c0000000)
  eden space 197632K, 0% used [0x000000076ab00000,0x000000076ab00000,0x0000000776c00000)
  from space 12288K, 0% used [0x0000000777f80000,0x0000000777f80000,0x0000000778b80000)
  to   space 14336K, 0% used [0x0000000776f80000,0x0000000776f80000,0x0000000777d80000)
 ParOldGen       total 57344K, used 18569K [0x00000006c0000000, 0x00000006c3800000, 0x000000076ab00000)
  object space 57344K, 32% used [0x00000006c0000000,0x00000006c1222690,0x00000006c3800000)
 Metaspace       used 33441K, capacity 35380K, committed 35496K, reserved 1079296K
  class space    used 4878K, capacity 5281K, committed 5376K, reserved 1048576K
}

Deoptimization events (10 events):
Event: 11.555 Thread 0x000002cd7ea2d800 Uncommon trap: reason=class_check action=maybe_recompile pc=0x000002cd694baf2c method=java.lang.reflect.Executable.getAnnotation(Ljava/lang/Class;)Ljava/lang/annotation/Annotation; @ 19
Event: 11.555 Thread 0x000002cd7ea2d800 Uncommon trap: reason=class_check action=maybe_recompile pc=0x000002cd694baf2c method=java.lang.reflect.Executable.getAnnotation(Ljava/lang/Class;)Ljava/lang/annotation/Annotation; @ 19
Event: 15.675 Thread 0x000002cd79e13000 Uncommon trap: reason=unstable_if action=reinterpret pc=0x000002cd6921a3c8 method=java.lang.ref.Reference.tryHandlePending(Z)Z @ 104
Event: 15.676 Thread 0x000002cd09b48800 Uncommon trap: reason=bimorphic action=maybe_recompile pc=0x000002cd68e3693c method=java.util.HashMap.putVal(ILjava/lang/Object;Ljava/lang/Object;ZZ)Ljava/lang/Object; @ 203
Event: 15.677 Thread 0x000002cd79e19800 Uncommon trap: reason=unstable_if action=reinterpret pc=0x000002cd69219748 method=java.lang.ref.Finalizer.remove()V @ 10
Event: 15.678 Thread 0x000002cd79e19800 Uncommon trap: reason=unstable_if action=reinterpret pc=0x000002cd6921f330 method=java.lang.ref.Finalizer.remove()V @ 10
Event: 15.678 Thread 0x000002cd79e19800 Uncommon trap: reason=unstable_if action=reinterpret pc=0x000002cd691ecaf8 method=java.lang.ref.Finalizer.remove()V @ 10
Event: 15.696 Thread 0x000002cd7e9fc000 Uncommon trap: reason=unstable_if action=reinterpret pc=0x000002cd68f55d4c method=java.lang.AbstractStringBuilder.append(Ljava/lang/String;)Ljava/lang/AbstractStringBuilder; @ 1
Event: 15.699 Thread 0x000002cd7e9fc000 Uncommon trap: reason=unstable_if action=reinterpret pc=0x000002cd68dea3a4 method=java.lang.AbstractStringBuilder.append(Ljava/lang/String;)Ljava/lang/AbstractStringBuilder; @ 1
Event: 24.929 Thread 0x000002cd7ea2d800 Uncommon trap: reason=unstable_if action=reinterpret pc=0x000002cd68fd7650 method=sun.misc.URLClassPath$JarLoader.getResource(Ljava/lang/String;ZLjava/util/Set;)Lsun/misc/Resource; @ 17

Classes redefined (0 events):
No events

Internal exceptions (10 events):
Event: 24.994 Thread 0x000002cd7ea2d800 Exception <a 'java/lang/ClassNotFoundException': org/gradle/groovy/scripts/BasicScriptCustomizer> (0x000000076b9c65e0) thrown at [C:\jenkins\workspace\8-2-build-windows-x64-cygwin-sans-NAS\jdk8u421\1068\hotspot\src\share\vm\classfile\systemDictionary.cpp,
Event: 24.995 Thread 0x000002cd7ea2d800 Exception <a 'java/lang/ClassNotFoundException': org/gradle/groovy/scripts/DefaultScriptCustomizer> (0x000000076b9f6258) thrown at [C:\jenkins\workspace\8-2-build-windows-x64-cygwin-sans-NAS\jdk8u421\1068\hotspot\src\share\vm\classfile\systemDictionary.cp
Event: 24.997 Thread 0x000002cd7ea2d800 Exception <a 'java/lang/ClassNotFoundException': org/gradle/initialization/InitScriptCustomizer> (0x000000076ba36408) thrown at [C:\jenkins\workspace\8-2-build-windows-x64-cygwin-sans-NAS\jdk8u421\1068\hotspot\src\share\vm\classfile\systemDictionary.cpp, 
Event: 24.997 Thread 0x000002cd7ea2d800 Exception <a 'java/lang/ClassNotFoundException': init_awjjau4w8aju90ppl0isnetnhCustomizer> (0x000000076ba4f088) thrown at [C:\jenkins\workspace\8-2-build-windows-x64-cygwin-sans-NAS\jdk8u421\1068\hotspot\src\share\vm\classfile\systemDictionary.cpp, line 2
Event: 25.010 Thread 0x000002cd7ea2d800 Exception <a 'java/lang/ClassNotFoundException': org/gradle/internal/extensibility/DefaultExtraPropertiesExtensionBeanInfo> (0x000000076bbd20c8) thrown at [C:\jenkins\workspace\8-2-build-windows-x64-cygwin-sans-NAS\jdk8u421\1068\hotspot\src\share\vm\class
Event: 25.010 Thread 0x000002cd7ea2d800 Exception <a 'java/lang/ClassNotFoundException': org/gradle/internal/extensibility/DefaultExtraPropertiesExtensionCustomizer> (0x000000076bbffa58) thrown at [C:\jenkins\workspace\8-2-build-windows-x64-cygwin-sans-NAS\jdk8u421\1068\hotspot\src\share\vm\cla
Event: 25.021 Thread 0x000002cd7ea2d800 Exception <a 'java/lang/ClassNotFoundException': groovy/lang/Closure$1BeanInfo> (0x000000076bd439d8) thrown at [C:\jenkins\workspace\8-2-build-windows-x64-cygwin-sans-NAS\jdk8u421\1068\hotspot\src\share\vm\classfile\systemDictionary.cpp, line 213]
Event: 25.023 Thread 0x000002cd7ea2d800 Exception <a 'java/lang/ClassNotFoundException': groovy/lang/ClosureBeanInfo> (0x000000076bd96af0) thrown at [C:\jenkins\workspace\8-2-build-windows-x64-cygwin-sans-NAS\jdk8u421\1068\hotspot\src\share\vm\classfile\systemDictionary.cpp, line 213]
Event: 25.024 Thread 0x000002cd7ea2d800 Exception <a 'java/lang/ClassNotFoundException': groovy/lang/ClosureCustomizer> (0x000000076bdeaad8) thrown at [C:\jenkins\workspace\8-2-build-windows-x64-cygwin-sans-NAS\jdk8u421\1068\hotspot\src\share\vm\classfile\systemDictionary.cpp, line 213]
Event: 25.029 Thread 0x000002cd7ea2d800 Exception <a 'java/lang/ClassNotFoundException': groovy/lang/Closure$1Customizer> (0x000000076be672b0) thrown at [C:\jenkins\workspace\8-2-build-windows-x64-cygwin-sans-NAS\jdk8u421\1068\hotspot\src\share\vm\classfile\systemDictionary.cpp, line 213]

Events (10 events):
Event: 27.130 loading class org/gradle/api/component/SoftwareComponentContainer
Event: 27.130 loading class org/gradle/api/component/SoftwareComponentContainer done
Event: 30.157 Thread 0x000002cd7ea2d800 DEOPT PACKING pc=0x000002cd6950cf21 sp=0x000000e120df93e0
Event: 30.157 Thread 0x000002cd7ea2d800 DEOPT UNPACKING pc=0x000002cd689f7918 sp=0x000000e120df9100 mode 0
Event: 30.157 Thread 0x000002cd7ea2d800 DEOPT PACKING pc=0x000002cd6950cf21 sp=0x000000e120df93e0
Event: 30.157 Thread 0x000002cd7ea2d800 DEOPT UNPACKING pc=0x000002cd689f7918 sp=0x000000e120df9100 mode 0
Event: 31.162 Thread 0x000002cd7ea2d800 DEOPT PACKING pc=0x000002cd6950cf21 sp=0x000000e120df9a30
Event: 31.162 Thread 0x000002cd7ea2d800 DEOPT UNPACKING pc=0x000002cd689f7918 sp=0x000000e120df9750 mode 0
Event: 31.163 loading class org/gradle/invocation/DefaultGradle_DecoratedBeanInfo
Event: 31.163 loading class org/gradle/invocation/DefaultGradle_DecoratedBeanInfo done


Dynamic libraries:
0x00007ff66ede0000 - 0x00007ff66ee2f000 	C:\Program Files\Java\jdk-1.8\bin\java.exe
0x00007fff463c0000 - 0x00007fff46628000 	C:\WINDOWS\SYSTEM32\ntdll.dll
0x00007fff45d10000 - 0x00007fff45dd9000 	C:\WINDOWS\System32\KERNEL32.DLL
0x00007fff43680000 - 0x00007fff43a71000 	C:\WINDOWS\System32\KERNELBASE.dll
0x00007fff456d0000 - 0x00007fff45784000 	C:\WINDOWS\System32\ADVAPI32.dll
0x00007fff446b0000 - 0x00007fff44759000 	C:\WINDOWS\System32\msvcrt.dll
0x00007fff46190000 - 0x00007fff46236000 	C:\WINDOWS\System32\sechost.dll
0x00007fff44160000 - 0x00007fff44278000 	C:\WINDOWS\System32\RPCRT4.dll
0x00007fff44340000 - 0x00007fff44506000 	C:\WINDOWS\System32\USER32.dll
0x00007fff43ca0000 - 0x00007fff43cc7000 	C:\WINDOWS\System32\win32u.dll
0x00007fff44ef0000 - 0x00007fff44f1b000 	C:\WINDOWS\System32\GDI32.dll
0x00007fff43ee0000 - 0x00007fff4400b000 	C:\WINDOWS\System32\gdi32full.dll
0x00007fff43a80000 - 0x00007fff43b23000 	C:\WINDOWS\System32\msvcp_win.dll
0x00007fff44010000 - 0x00007fff4415b000 	C:\WINDOWS\System32\ucrtbase.dll
0x00007fff28ad0000 - 0x00007fff28d63000 	C:\WINDOWS\WinSxS\amd64_microsoft.windows.common-controls_6595b64144ccf1df_6.0.26100.7824_none_3e0870b2e3345462\COMCTL32.dll
0x00007fff453b0000 - 0x00007fff453e1000 	C:\WINDOWS\System32\IMM32.DLL
0x00007fff142a0000 - 0x00007fff142bb000 	C:\Program Files\Java\jdk-1.8\jre\bin\vcruntime140.dll
0x00007fff004e0000 - 0x00007fff004ec000 	C:\Program Files\Java\jdk-1.8\jre\bin\vcruntime140_1.dll
0x00007ffe74d50000 - 0x00007ffe74dde000 	C:\Program Files\Java\jdk-1.8\jre\bin\msvcp140.dll
0x00007ffe67a10000 - 0x00007ffe682b9000 	C:\Program Files\Java\jdk-1.8\jre\bin\server\jvm.dll
0x00007fff458f0000 - 0x00007fff458f8000 	C:\WINDOWS\System32\PSAPI.DLL
0x00007fff3ff80000 - 0x00007fff3ff8a000 	C:\WINDOWS\SYSTEM32\WSOCK32.dll
0x00007fff35fb0000 - 0x00007fff35fe5000 	C:\WINDOWS\SYSTEM32\WINMM.dll
0x00007fff45790000 - 0x00007fff45804000 	C:\WINDOWS\System32\WS2_32.dll
0x00007fff3c070000 - 0x00007fff3c07b000 	C:\WINDOWS\SYSTEM32\VERSION.dll
0x00007fff41a20000 - 0x00007fff41a3b000 	C:\WINDOWS\SYSTEM32\kernel.appcore.dll
0x00007ffeff1f0000 - 0x00007ffeff200000 	C:\Program Files\Java\jdk-1.8\jre\bin\verify.dll
0x00007ffee82b0000 - 0x00007ffee82db000 	C:\Program Files\Java\jdk-1.8\jre\bin\java.dll
0x00007ffe75360000 - 0x00007ffe75397000 	C:\Program Files\Java\jdk-1.8\jre\bin\instrument.dll
0x00007ffef3aa0000 - 0x00007ffef3ab8000 	C:\Program Files\Java\jdk-1.8\jre\bin\zip.dll
0x00007fff44780000 - 0x00007fff44ed2000 	C:\WINDOWS\System32\SHELL32.dll
0x00007fff42ca0000 - 0x00007fff42e0a000 	C:\WINDOWS\System32\wintypes.dll
0x00007fff45980000 - 0x00007fff45d06000 	C:\WINDOWS\System32\combase.dll
0x00007fff42e10000 - 0x00007fff43673000 	C:\WINDOWS\System32\windows.storage.dll
0x00007fff44510000 - 0x00007fff44606000 	C:\WINDOWS\System32\SHCORE.dll
0x00007fff45f80000 - 0x00007fff45fe7000 	C:\WINDOWS\System32\shlwapi.dll
0x00007fff42bc0000 - 0x00007fff42be9000 	C:\WINDOWS\SYSTEM32\profapi.dll
0x00007ffe86790000 - 0x00007ffe867ac000 	C:\Program Files\Java\jdk-1.8\jre\bin\net.dll
0x00007fff41fb0000 - 0x00007fff4201b000 	C:\WINDOWS\system32\mswsock.dll
0x00007ffe7b000000 - 0x00007ffe7b013000 	C:\Program Files\Java\jdk-1.8\jre\bin\nio.dll
0x00007ffec5770000 - 0x00007ffec5797000 	C:\Users\Nicoj\.gradle\native\c067742578af261105cb4f569cf0c3c89f3d7b1fecec35dd04571415982c5e48\windows-amd64\native-platform.dll
0x00007ffe73f80000 - 0x00007ffe740c4000 	C:\Users\Nicoj\.gradle\native\38dada09dfb8b06ba9b0570ebf7e218e3eb74d4ef43ca46872605cf95ebc2f47\windows-amd64\native-platform-file-events.dll
0x00007ffefe7c0000 - 0x00007ffefe7cd000 	C:\Program Files\Java\jdk-1.8\jre\bin\management.dll
0x00007fff42300000 - 0x00007fff4231b000 	C:\WINDOWS\SYSTEM32\CRYPTSP.dll
0x00007fff41980000 - 0x00007fff419b9000 	C:\WINDOWS\system32\rsaenh.dll
0x00007fff42060000 - 0x00007fff4208b000 	C:\WINDOWS\SYSTEM32\USERENV.dll
0x00007fff42b90000 - 0x00007fff42bba000 	C:\WINDOWS\SYSTEM32\bcrypt.dll
0x00007fff43b30000 - 0x00007fff43bd5000 	C:\WINDOWS\System32\bcryptprimitives.dll
0x00007fff422f0000 - 0x00007fff422fc000 	C:\WINDOWS\SYSTEM32\CRYPTBASE.dll
0x00007fff41460000 - 0x00007fff41494000 	C:\WINDOWS\SYSTEM32\IPHLPAPI.DLL
0x00007fff446a0000 - 0x00007fff446aa000 	C:\WINDOWS\System32\NSI.dll
0x00007fff3c080000 - 0x00007fff3c09e000 	C:\WINDOWS\SYSTEM32\dhcpcsvc6.DLL
0x00007fff3b910000 - 0x00007fff3b933000 	C:\WINDOWS\SYSTEM32\dhcpcsvc.DLL
0x00007fff41500000 - 0x00007fff4162c000 	C:\WINDOWS\SYSTEM32\DNSAPI.dll
0x00007fff40b80000 - 0x00007fff40dc2000 	C:\WINDOWS\SYSTEM32\dbghelp.dll
0x00007fff45810000 - 0x00007fff458e7000 	C:\WINDOWS\System32\OLEAUT32.dll

VM Arguments:
jvm_args: -Xmx4g -Dfile.encoding=UTF-8 -Duser.country=PH -Duser.language=en -Duser.variant -javaagent:C:\Users\Nicoj\.gradle\wrapper\dists\gradle-8.4-bin\1w5dpkrfk8irigvoxmyhowfim\gradle-8.4\lib\agents\gradle-instrumentation-agent-8.4.jar 
java_command: org.gradle.launcher.daemon.bootstrap.GradleDaemon 8.4
java_class_path (initial): C:\Users\Nicoj\.gradle\wrapper\dists\gradle-8.4-bin\1w5dpkrfk8irigvoxmyhowfim\gradle-8.4\lib\gradle-launcher-8.4.jar;C:\Users\Nicoj\.gradle\wrapper\dists\gradle-8.4-bin\1w5dpkrfk8irigvoxmyhowfim\gradle-8.4\lib\agents\gradle-instrumentation-agent-8.4.jar
Launcher Type: SUN_STANDARD

Environment Variables:
PATH=C:\Python313\Scripts\;C:\Python313\;C:\Program Files\Common Files\Oracle\Java\javapath;C:\Program Files (x86)\Common Files\Oracle\Java\java8path;C:\Program Files (x86)\Common Files\Oracle\Java\javapath;C:\Program Files (x86)\NVIDIA Corporation\PhysX\Common;C:\Program Files\NVIDIA Corporation\NVIDIA NvDLISR;C:\WINDOWS\system32;C:\WINDOWS;C:\WINDOWS\System32\Wbem;C:\WINDOWS\System32\WindowsPowerShell\v1.0\;C:\WINDOWS\System32\OpenSSH\;C:\Program Files\nodejs\;C:\ProgramData\chocolatey\bin;C:\Program Files\Git\cmd;C:\Users\Nicoj\AppData\Local\Microsoft\WindowsApps;C:\Users\Nicoj\AppData\Local\Programs\Microsoft VS Code\bin;C:\Users\Nicoj\AppData\Local\Programs\Windsurf\bin;C:\Users\Nicoj\AppData\Roaming\npm;C:\Users\Nicoj\AppData\Local\GitHubDesktop\bin;
USERNAME=Nicoj
OS=Windows_NT
PROCESSOR_IDENTIFIER=Intel64 Family 6 Model 154 Stepping 3, GenuineIntel



---------------  S Y S T E M  ---------------

OS: Windows 11 , 64 bit Build 26100 (10.0.26100.7705)

CPU:total 16 (initial active 16) (8 cores per cpu, 2 threads per core) family 6 model 154 stepping 3, cmov, cx8, fxsr, mmx, sse, sse2, sse3, ssse3, sse4.1, sse4.2, popcnt, avx, avx2, aes, clmul, erms, 3dnowpref, lzcnt, ht, tsc, tscinvbit, bmi1, bmi2, adx

Memory: 4k page, physical 8085560k(791728k free), swap 24862776k(294248k free)

vm_info: Java HotSpot(TM) 64-Bit Server VM (25.421-b09) for windows-amd64 JRE (1.8.0_421-b09), built on Jun  5 2024 13:01:06 by "java_re" with MS VC++ 17.6 (VS2022)

time: Sun Feb 22 23:58:52 2026
timezone: Malay Peninsula Standard Time
elapsed time: 33.389015 seconds (0d 0h 0m 33s)

