#
# A fatal error has been detected by the Java Runtime Environment:
#
#  EXCEPTION_ACCESS_VIOLATION (0xc0000005) at pc=0x00007ffb1d02ca30, pid=22004, tid=10704
#
# JRE version: OpenJDK Runtime Environment Temurin-21.0.9+10 (21.0.9+10) (build 21.0.9+10-LTS)
# Java VM: OpenJDK 64-Bit Server VM Temurin-21.0.9+10 (21.0.9+10-LTS, mixed mode, sharing, tiered, compressed oops, compressed class ptrs, parallel gc, windows-amd64)
# Problematic frame:
# V  [jvm.dll+0xca30]
#
# No core dump will be written. Minidumps are not enabled by default on client versions of Windows
#
# If you would like to submit a bug report, please visit:
#   https://github.com/adoptium/adoptium-support/issues
#

---------------  S U M M A R Y ------------

Command Line: --add-modules=ALL-SYSTEM --add-opens=java.base/java.util=ALL-UNNAMED --add-opens=java.base/java.lang=ALL-UNNAMED --add-opens=java.base/sun.nio.fs=ALL-UNNAMED -Declipse.application=org.eclipse.jdt.ls.core.id1 -Dosgi.bundles.defaultStartLevel=4 -Declipse.product=org.eclipse.jdt.ls.core.product -Djava.import.generatesMetadataFilesAtProjectRoot=false -DDetectVMInstallationsJob.disabled=true -Dfile.encoding=utf8 -XX:+UseParallelGC -XX:GCTimeRatio=4 -XX:AdaptiveSizePolicyWeight=90 -Dsun.zip.disableMemoryMapping=true -Xmx2G -Xms100m -Xlog:disable -javaagent:c:\Users\L13Y12W34\.vscode\extensions\redhat.java-1.52.0-win32-x64\lombok\lombok-1.18.39-4050.jar c:\Users\L13Y12W34\.vscode\extensions\redhat.java-1.52.0-win32-x64\server\plugins\org.eclipse.equinox.launcher_1.7.100.v20251111-0406.jar -configuration c:\Users\L13Y12W34\AppData\Roaming\Code\User\globalStorage\redhat.java\1.52.0\config_ss_win -data c:\Users\L13Y12W34\AppData\Roaming\Code\User\workspaceStorage\81c2366c4961ac01a9f396c3f40e7621\redhat.java\ss_ws --pipe=\\.\pipe\lsp-5bae454045d846ac418184863bc610a7-sock

Host: 12th Gen Intel(R) Core(TM) i7-12700, 20 cores, 15G,  Windows 11 , 64 bit Build 26100 (10.0.26100.7705)
Time: Sat Feb 14 13:25:02 2026 Malay Peninsula Standard Time elapsed time: 1.868297 seconds (0d 0h 0m 1s)

---------------  T H R E A D  ---------------

Current thread (0x0000013263d8d580):  WorkerThread "GC Thread#12"   [id=10704, stack(0x00000026c5300000,0x00000026c5400000) (1024K)]

Stack: [0x00000026c5300000,0x00000026c5400000],  sp=0x00000026c53ff588,  free space=1021k
Native frames: (J=compiled Java code, j=interpreted, Vv=VM code, C=native code)
V  [jvm.dll+0xca30]


siginfo: EXCEPTION_ACCESS_VIOLATION (0xc0000005), reading address 0x0000000000000100


Registers:
RAX=0x0000000000000000, RBX=0x000000008204c768, RCX=0x0000013200000000, RDX=0x000000008204c768
RSP=0x00000026c53ff588, RBP=0x00000026c53ff650, RSI=0x000000008004c764, RDI=0x000001324997d820
R8 =0x0000013200000000, R9 =0x0000000000000000, R10=0x0000000000000041, R11=0x0000000000000004
R12=0x00007ffb1dc67250, R13=0x00000026c32feab0, R14=0x0000013201053458, R15=0x000000008004c750
RIP=0x00007ffb1d02ca30, EFLAGS=0x0000000000010246

XMM[0]=0x0000000000000000 0x0000000000000000
XMM[1]=0x0000000000000000 0x0000000000000000
XMM[2]=0x0000000000000000 0x0000000000000000
XMM[3]=0x0000000000000000 0x0000000000000000
XMM[4]=0x0000000000000000 0x0000000000000000
XMM[5]=0x0000000000000000 0x0000000000000000
XMM[6]=0x0000000000000000 0x0000000000000000
XMM[7]=0x0000000000000000 0x0000000000000000
XMM[8]=0x0000000000000000 0x0000000000000000
XMM[9]=0x0000000000000000 0x0000000000000000
XMM[10]=0x0000000000000000 0x0000000000000000
XMM[11]=0x0000000000000000 0x0000000000000000
XMM[12]=0x0000000000000000 0x0000000000000000
XMM[13]=0x0000000000000000 0x0000000000000000
XMM[14]=0x0000000000000000 0x0000000000000000
XMM[15]=0x0000000000000000 0x0000000000000000
  MXCSR=0x00001fa0


Register to memory mapping:

RAX=0x0 is null
RBX=
[error occurred during error reporting (printing register info), id 0xc0000005, EXCEPTION_ACCESS_VIOLATION (0xc0000005) at pc=0x00007ffb1d705933]
RCX=0x0000013200000000 is pointing into metadata
RDX=
[error occurred during error reporting (printing register info, attempt 2), id 0xc0000005, EXCEPTION_ACCESS_VIOLATION (0xc0000005) at pc=0x00007ffb1d705933]
RSP=0x00000026c53ff588 points into unknown readable memory: 0x00007ffb1d70348e | 8e 34 70 1d fb 7f 00 00
RBP=0x00000026c53ff650 points into unknown readable memory: 0x00007ffb1dab8e90 | 90 8e ab 1d fb 7f 00 00
RSI=0x000000008004c764 is pointing into object: java.security.Provider$UString 
{0x000000008004c750} - klass: 'java/security/Provider$UString'
 - ---- fields (total size 3 words):
 - final 'string' 'Ljava/lang/String;' @12  "ImplementedIn"{0x00000000d75e91f0} (0xd75e91f0)
 - final 'lowerString' 'Ljava/lang/String;' @16  
[error occurred during error reporting (printing register info, attempt 3), id 0xc0000005, EXCEPTION_ACCESS_VIOLATION (0xc0000005) at pc=0x00007ffb1d6e1c06]
Top of Stack: (sp=0x00000026c53ff588)
0x00000026c53ff588:   00007ffb1d70348e 000000008004c750
0x00000026c53ff598:   000001324997d820 00000026c53ff650
0x00000026c53ff5a8:   00007ffb1d702489 000000008204c768
0x00000026c53ff5b8:   00007ffb1d700c96 0000013263be8620
0x00000026c53ff5c8:   00007ffb1d70356a 000000008004c730
0x00000026c53ff5d8:   000000008004c6f0 0000013201053450
0x00000026c53ff5e8:   00007ffb1d70154e 000000008004c760
0x00000026c53ff5f8:   00007ffb1d72b4da 0000000000000000
0x00000026c53ff608:   00007ffb1dc67250 00007ffb1dab8e90
0x00000026c53ff618:   0000000000000000 000000008004c750
0x00000026c53ff628:   00007ffb1d72bf8f 000000000000006e
0x00000026c53ff638:   000001324997d820 00007ffb1da177e0
0x00000026c53ff648:   00007ffb1d72b69d 00007ffb1dab8e90
0x00000026c53ff658:   0000013249aab810 0000000000000004
0x00000026c53ff668:   000001324997d820 0000000000000000
0x00000026c53ff678:   000001324997dae8 00007ffb1dc67250
0x00000026c53ff688:   0000000000000004 000001324997d820
0x00000026c53ff698:   00007ffb1d72b69d 00000132686ee020
0x00000026c53ff6a8:   00007ffb1d35fa30 000001324997dae8
0x00000026c53ff6b8:   00000000802ebb80 0000000000000000
0x00000026c53ff6c8:   0000000000000000 00007ffb1dab8e90
0x00000026c53ff6d8:   0000000000000000 000001324997d820
0x00000026c53ff6e8:   0000000000000004 00000026c32febf0
0x00000026c53ff6f8:   00007ffb1d73280d 00000026c32febf0
0x00000026c53ff708:   0000000000000000 00000000802ebb80
0x00000026c53ff718:   00007ffb1d72b69d 0000000000000000
0x00000026c53ff728:   00007ffb00000000 00007ffb1dab8e90
0x00000026c53ff738:   0000013249aab810 0000000000000004
0x00000026c53ff748:   000001324997d820 00000026c32febb8
0x00000026c53ff758:   00000132686ee050 000001324997d820
0x00000026c53ff768:   0000000000000004 00000132686ee090
0x00000026c53ff778:   00007ffb1d73364c 0000000000000005 

Instructions: (pc=0x00007ffb1d02ca30)
0x00007ffb1d02c930:   a9 00 f0 00 00 75 43 0f b6 c2 24 30 3c 30 74 3a
0x00007ffb1d02c940:   48 c1 e9 0c 48 8d 05 e5 b5 94 00 83 e1 0f 8b 0c
0x00007ffb1d02c950:   88 48 8b 05 20 e2 cd 00 48 d3 ea 48 c1 e8 15 48
0x00007ffb1d02c960:   c1 ea 15 48 23 d0 48 8b 05 03 e5 cd 00 48 8b 48
0x00007ffb1d02c970:   60 48 8b 04 d1 48 85 c0 75 08 48 8b 05 f7 e4 cd
0x00007ffb1d02c980:   00 c3 48 8b 05 e7 e4 cd 00 c3 cc cc cc cc cc cc
0x00007ffb1d02c990:   8b 05 a2 b6 c2 00 c3 cc cc cc cc cc cc cc cc cc
0x00007ffb1d02c9a0:   0f b6 05 65 d1 c2 00 48 8b d1 84 c0 74 16 44 8b
0x00007ffb1d02c9b0:   41 08 8b 0d 80 b6 c2 00 49 d3 e0 4c 03 05 6e b6
0x00007ffb1d02c9c0:   c2 00 eb 04 4c 8b 41 08 45 8b 48 08 45 85 c9 7e
0x00007ffb1d02c9d0:   0e 41 f6 c1 01 75 53 41 c1 f9 03 49 63 c1 c3 79
0x00007ffb1d02c9e0:   49 84 c0 41 b8 0c 00 00 00 8b 05 b9 c7 c2 00 b9
0x00007ffb1d02c9f0:   10 00 00 00 41 0f 45 c8 ff c8 4c 63 c0 41 8b c1
0x00007ffb1d02ca00:   48 c1 f8 10 0f b6 c0 48 63 14 11 41 8b c9 83 e1
0x00007ffb1d02ca10:   3f 48 d3 e2 49 8d 0c 10 49 f7 d0 48 03 c1 49 c1
0x00007ffb1d02ca20:   e8 03 48 c1 e8 03 49 23 c0 c3 49 8b 00 49 8b c8
0x00007ffb1d02ca30:   48 ff a0 00 01 00 00 cc cc cc cc cc cc cc cc cc
0x00007ffb1d02ca40:   8b 44 24 30 45 03 c9 44 2b 4c 24 28 83 c0 0b 44
0x00007ffb1d02ca50:   03 ca 45 03 c8 41 03 c1 c3 cc cc cc cc cc cc cc
0x00007ffb1d02ca60:   4c 8b c2 48 8b d1 45 8b 48 08 45 85 c9 7e 0e 41
0x00007ffb1d02ca70:   f6 c1 01 75 56 41 c1 f9 03 49 63 c1 c3 79 4c 80
0x00007ffb1d02ca80:   3d 86 d0 c2 00 00 b8 0c 00 00 00 b9 10 00 00 00
0x00007ffb1d02ca90:   0f 45 c8 8b 05 0f c7 c2 00 ff c8 4c 63 c0 41 8b
0x00007ffb1d02caa0:   c1 48 c1 f8 10 48 63 14 11 41 8b c9 83 e1 3f 0f
0x00007ffb1d02cab0:   b6 c0 48 d3 e2 49 8d 0c 10 49 f7 d0 48 03 c1 49
0x00007ffb1d02cac0:   c1 e8 03 48 c1 e8 03 49 23 c0 c3 49 8b 00 49 8b
0x00007ffb1d02cad0:   c8 48 ff a0 00 01 00 00 cc cc cc cc cc cc cc cc
0x00007ffb1d02cae0:   48 8b 41 08 0f b7 48 2c 0f b7 40 2a 83 c0 48 03
0x00007ffb1d02caf0:   c1 c3 cc cc cc cc cc cc cc cc cc cc cc cc cc cc
0x00007ffb1d02cb00:   48 89 5c 24 08 57 48 83 ec 20 0f b6 05 af cc cd
0x00007ffb1d02cb10:   00 48 8b fa 48 8b d9 84 c0 74 4f 48 85 15 56 c4
0x00007ffb1d02cb20:   cd 00 74 38 48 8b ca e8 94 98 8d 00 48 8b d0 48 


Stack slot to memory mapping:

stack at sp + 0 slots: 0x00007ffb1d70348e jvm.dll
stack at sp + 1 slots: 0x000000008004c750 is an oop: java.security.Provider$UString 
{0x000000008004c750} - klass: 'java/security/Provider$UString'
 - ---- fields (total size 3 words):
 - final 'string' 'Ljava/lang/String;' @12  "ImplementedIn"{0x00000000d75e91f0} (0xd75e91f0)
 - final 'lowerString' 'Ljava/lang/String;' @16  
[error occurred during error reporting (inspecting top of stack), id 0xc0000005, EXCEPTION_ACCESS_VIOLATION (0xc0000005) at pc=0x00007ffb1d6e1c06]
stack at sp + 2 slots: 0x000001324997d820 points into unknown readable memory: 0x00000132475b0150 | 50 01 5b 47 32 01 00 00
stack at sp + 3 slots: 0x00000026c53ff650 points into unknown readable memory: 0x00007ffb1dab8e90 | 90 8e ab 1d fb 7f 00 00
stack at sp + 4 slots: 0x00007ffb1d702489 jvm.dll
stack at sp + 5 slots: 
[error occurred during error reporting (inspecting top of stack, attempt 2), id 0xc0000005, EXCEPTION_ACCESS_VIOLATION (0xc0000005) at pc=0x00007ffb1d705933]
stack at sp + 6 slots: 0x00007ffb1d700c96 jvm.dll
stack at sp + 7 slots: 0x0000013263be8620 points into unknown readable memory: 0x0000000080a71288 | 88 12 a7 80 00 00 00 00


---------------  P R O C E S S  ---------------

Threads class SMR info:
_java_thread_list=0x000001326947bac0, length=24, elements={
0x0000013249a8b840, 0x0000013249b34380, 0x0000013249a3cf40, 0x0000013249b39130,
0x0000013249b3bcc0, 0x0000013249b3d5a0, 0x0000013249b3ec90, 0x0000013249b4e610,
0x000001326184ba30, 0x000001326190c3c0, 0x000001326197a3e0, 0x0000013261aed7f0,
0x0000013261b69f70, 0x0000013261b65500, 0x0000013263795de0, 0x00000132681d16d0,
0x0000013263dd8e00, 0x00000132680f9f00, 0x00000132683d9280, 0x000001326838b2f0,
0x00000132619934e0, 0x00000132619b48a0, 0x0000013268bc8860, 0x0000013263d87fb0
}

Java Threads: ( => current thread )
  0x0000013249a8b840 JavaThread "main"                              [_thread_blocked, id=10236, stack(0x00000026c2f00000,0x00000026c3000000) (1024K)]
  0x0000013249b34380 JavaThread "Reference Handler"          daemon [_thread_blocked, id=10228, stack(0x00000026c3300000,0x00000026c3400000) (1024K)]
  0x0000013249a3cf40 JavaThread "Finalizer"                  daemon [_thread_blocked, id=19468, stack(0x00000026c3400000,0x00000026c3500000) (1024K)]
  0x0000013249b39130 JavaThread "Signal Dispatcher"          daemon [_thread_blocked, id=22892, stack(0x00000026c3500000,0x00000026c3600000) (1024K)]
  0x0000013249b3bcc0 JavaThread "Attach Listener"            daemon [_thread_blocked, id=17708, stack(0x00000026c3600000,0x00000026c3700000) (1024K)]
  0x0000013249b3d5a0 JavaThread "Service Thread"             daemon [_thread_blocked, id=15904, stack(0x00000026c3700000,0x00000026c3800000) (1024K)]
  0x0000013249b3ec90 JavaThread "Monitor Deflation Thread"   daemon [_thread_blocked, id=17504, stack(0x00000026c3800000,0x00000026c3900000) (1024K)]
  0x0000013249b4e610 JavaThread "C2 CompilerThread0"         daemon [_thread_blocked, id=22752, stack(0x00000026c3900000,0x00000026c3a00000) (1024K)]
  0x000001326184ba30 JavaThread "C1 CompilerThread0"         daemon [_thread_blocked, id=19112, stack(0x00000026c3a00000,0x00000026c3b00000) (1024K)]
  0x000001326190c3c0 JavaThread "C1 CompilerThread1"         daemon [_thread_blocked, id=19552, stack(0x00000026c3b00000,0x00000026c3c00000) (1024K)]
  0x000001326197a3e0 JavaThread "C2 CompilerThread1"         daemon [_thread_blocked, id=13788, stack(0x00000026c3c00000,0x00000026c3d00000) (1024K)]
  0x0000013261aed7f0 JavaThread "Common-Cleaner"             daemon [_thread_blocked, id=16724, stack(0x00000026c3e00000,0x00000026c3f00000) (1024K)]
  0x0000013261b69f70 JavaThread "C1 CompilerThread2"         daemon [_thread_blocked, id=18436, stack(0x00000026c3f00000,0x00000026c4000000) (1024K)]
  0x0000013261b65500 JavaThread "C1 CompilerThread3"         daemon [_thread_blocked, id=14808, stack(0x00000026c4000000,0x00000026c4100000) (1024K)]
  0x0000013263795de0 JavaThread "Notification Thread"        daemon [_thread_blocked, id=19888, stack(0x00000026c4100000,0x00000026c4200000) (1024K)]
  0x00000132681d16d0 JavaThread "Active Thread: Equinox Container: 44a0e06f-d413-4ab6-92ee-58b57071b40a"        [_thread_blocked, id=15436, stack(0x00000026c4900000,0x00000026c4a00000) (1024K)]
  0x0000013263dd8e00 JavaThread "Framework Event Dispatcher: Equinox Container: 44a0e06f-d413-4ab6-92ee-58b57071b40a" daemon [_thread_blocked, id=1656, stack(0x00000026c4b00000,0x00000026c4c00000) (1024K)]
  0x00000132680f9f00 JavaThread "Start Level: Equinox Container: 44a0e06f-d413-4ab6-92ee-58b57071b40a" daemon [_thread_blocked, id=24056, stack(0x00000026c4c00000,0x00000026c4d00000) (1024K)]
  0x00000132683d9280 JavaThread "SCR Component Actor"        daemon [_thread_blocked, id=5012, stack(0x00000026c4d00000,0x00000026c4e00000) (1024K)]
  0x000001326838b2f0 JavaThread "Worker-JM"                         [_thread_blocked, id=18376, stack(0x00000026c4e00000,0x00000026c4f00000) (1024K)]
  0x00000132619934e0 JavaThread "JNA Cleaner"                daemon [_thread_blocked, id=7084, stack(0x00000026c3d00000,0x00000026c3e00000) (1024K)]
  0x00000132619b48a0 JavaThread "Worker-0"                          [_thread_blocked, id=12808, stack(0x00000026c5000000,0x00000026c5100000) (1024K)]
  0x0000013268bc8860 JavaThread "Worker-1"                          [_thread_blocked, id=22536, stack(0x00000026c5400000,0x00000026c5500000) (1024K)]
  0x0000013263d87fb0 JavaThread "C2 CompilerThread2"         daemon [_thread_blocked, id=19656, stack(0x00000026c5500000,0x00000026c5600000) (1024K)]
Total: 24

Other Threads:
  0x00000132618468e0 VMThread "VM Thread"                           [id=20392, stack(0x00000026c3200000,0x00000026c3300000) (1024K)]
  0x000001324991ca00 WatcherThread "VM Periodic Task Thread"        [id=20792, stack(0x00000026c3100000,0x00000026c3200000) (1024K)]
  0x0000013249aabab0 WorkerThread "GC Thread#0"                     [id=7960, stack(0x00000026c3000000,0x00000026c3100000) (1024K)]
  0x0000013268395820 WorkerThread "GC Thread#1"                     [id=19360, stack(0x00000026c4200000,0x00000026c4300000) (1024K)]
  0x00000132680e24e0 WorkerThread "GC Thread#2"                     [id=5356, stack(0x00000026c4300000,0x00000026c4400000) (1024K)]
  0x00000132681e0d60 WorkerThread "GC Thread#3"                     [id=19464, stack(0x00000026c4400000,0x00000026c4500000) (1024K)]
  0x000001326810d210 WorkerThread "GC Thread#4"                     [id=22624, stack(0x00000026c4500000,0x00000026c4600000) (1024K)]
  0x000001326810d5b0 WorkerThread "GC Thread#5"                     [id=23344, stack(0x00000026c4600000,0x00000026c4700000) (1024K)]
  0x000001326810d950 WorkerThread "GC Thread#6"                     [id=8428, stack(0x00000026c4700000,0x00000026c4800000) (1024K)]
  0x0000013263d8c360 WorkerThread "GC Thread#7"                     [id=7004, stack(0x00000026c4a00000,0x00000026c4b00000) (1024K)]
  0x0000013263d8ce40 WorkerThread "GC Thread#8"                     [id=18912, stack(0x00000026c4800000,0x00000026c4900000) (1024K)]
  0x0000013263d8bfc0 WorkerThread "GC Thread#9"                     [id=20612, stack(0x00000026c4f00000,0x00000026c5000000) (1024K)]
  0x0000013263d8d1e0 WorkerThread "GC Thread#10"                    [id=17640, stack(0x00000026c5100000,0x00000026c5200000) (1024K)]
  0x0000013263d8d920 WorkerThread "GC Thread#11"                    [id=10520, stack(0x00000026c5200000,0x00000026c5300000) (1024K)]
=>0x0000013263d8d580 WorkerThread "GC Thread#12"                    [id=10704, stack(0x00000026c5300000,0x00000026c5400000) (1024K)]
  0x0000013268d09f60 WorkerThread "GC Thread#13"                    [id=22368, stack(0x00000026c5700000,0x00000026c5800000) (1024K)]
  0x0000013268d0b8c0 WorkerThread "GC Thread#14"                    [id=21648, stack(0x00000026c5600000,0x00000026c5700000) (1024K)]
Total: 17

Threads with active compile tasks:
C2 CompilerThread0  1882 2916       4       org.lombokweb.asm.ClassWriter::visitMethod (57 bytes)
C2 CompilerThread1  1882 2904       4       org.lombokweb.asm.ClassReader::readMethod (1070 bytes)
C2 CompilerThread2  1882 2919       4       org.lombokweb.asm.MethodWriter::<init> (232 bytes)
Total: 3

VM state: at safepoint (normal execution)

VM Mutex/Monitor currently owned by a thread:  ([mutex/lock_event])
[0x00007ffb1dcdd570] Threads_lock - owner thread: 0x00000132618468e0
[0x00007ffb1dcdd670] Heap_lock - owner thread: 0x00000132680f9f00

Heap address: 0x0000000080000000, size: 2048 MB, Compressed Oops mode: 32-bit

CDS archive(s) mapped at: [0x0000013200000000-0x0000013200ba0000-0x0000013200ba0000), size 12189696, SharedBaseAddress: 0x0000013200000000, ArchiveRelocationMode: 1.
Compressed class space mapped at: 0x0000013201000000-0x0000013241000000, reserved size: 1073741824
Narrow klass base: 0x0000013200000000, Narrow klass shift: 0, Narrow klass range: 0x100000000

GC Precious Log:
 CardTable entry size: 512
 CPUs: 20 total, 20 available
 Memory: 16125M
 Large Page Support: Disabled
 NUMA Support: Disabled
 Compressed Oops: Enabled (32-bit)
 Alignments: Space 512K, Generation 512K, Heap 2M
 Heap Min Capacity: 100M
 Heap Initial Capacity: 100M
 Heap Max Capacity: 2G
 Pre-touch: Disabled
 Parallel Workers: 15

Heap:
 PSYoungGen      total 30208K, used 4720K [0x00000000d5580000, 0x00000000d7a80000, 0x0000000100000000)
  eden space 25088K, 0% used [0x00000000d5580000,0x00000000d5580000,0x00000000d6e00000)
  from space 5120K, 92% used [0x00000000d7580000,0x00000000d7a1c050,0x00000000d7a80000)
  to   space 5632K, 0% used [0x00000000d6f80000,0x00000000d6f80000,0x00000000d7500000)
 ParOldGen       total 68608K, used 11004K [0x0000000080000000, 0x0000000084300000, 0x00000000d5580000)
  object space 68608K, 16% used [0x0000000080000000,0x0000000080abf1d0,0x0000000084300000)
 Metaspace       used 20837K, committed 21504K, reserved 1114112K
  class space    used 2051K, committed 2368K, reserved 1048576K

Card table byte_map: [0x0000013249430000,0x0000013249840000] _byte_map_base: 0x0000013249030000

Marking Bits: (ParMarkBitMap*) 0x00007ffb1dce2460
 Begin Bits: [0x000001325bf40000, 0x000001325df40000)
 End Bits:   [0x000001325df40000, 0x000001325ff40000)

Polling page: 0x0000013247560000

Metaspace:

Usage:
  Non-class:     18.35 MB used.
      Class:      2.00 MB used.
       Both:     20.35 MB used.

Virtual space:
  Non-class space:       64.00 MB reserved,      18.69 MB ( 29%) committed,  1 nodes.
      Class space:        1.00 GB reserved,       2.31 MB ( <1%) committed,  1 nodes.
             Both:        1.06 GB reserved,      21.00 MB (  2%) committed. 

Chunk freelists:
   Non-Class:  12.94 MB
       Class:  13.55 MB
        Both:  26.48 MB

MaxMetaspaceSize: unlimited
CompressedClassSpaceSize: 1.00 GB
Initial GC threshold: 21.00 MB
Current GC threshold: 21.00 MB
CDS: on
 - commit_granule_bytes: 65536.
 - commit_granule_words: 8192.
 - virtual_space_node_default_size: 8388608.
 - enlarge_chunks_in_place: 1.
 - use_allocation_guard: 0.


Internal statistics:

num_allocs_failed_limit: 3.
num_arena_births: 500.
num_arena_deaths: 0.
num_vsnodes_births: 2.
num_vsnodes_deaths: 0.
num_space_committed: 336.
num_space_uncommitted: 0.
num_chunks_returned_to_freelist: 3.
num_chunks_taken_from_freelist: 1271.
num_chunk_merges: 3.
num_chunk_splits: 824.
num_chunks_enlarged: 539.
num_inconsistent_stats: 0.

CodeHeap 'non-profiled nmethods': size=119168Kb used=1275Kb max_used=1275Kb free=117892Kb
 bounds [0x0000013254830000, 0x0000013254aa0000, 0x000001325bc90000]
CodeHeap 'profiled nmethods': size=119104Kb used=5710Kb max_used=5710Kb free=113393Kb
 bounds [0x000001324cc90000, 0x000001324d230000, 0x00000132540e0000]
CodeHeap 'non-nmethods': size=7488Kb used=3004Kb max_used=3011Kb free=4483Kb
 bounds [0x00000132540e0000, 0x00000132543e0000, 0x0000013254830000]
CodeCache: size=245760Kb, used=9989Kb, max_used=9996Kb, free=235768Kb
 total_blobs=3515, nmethods=2916, adapters=502, full_count=0
Compilation: enabled, stopped_count=0, restarted_count=0

Compilation events (20 events):
Event: 1.833 Thread 0x000001326184ba30 nmethod 2909 0x000001324d217590 code [0x000001324d217780, 0x000001324d217c28]
Event: 1.833 Thread 0x000001326184ba30 2913       3       org.lombokweb.asm.Label::resolve (259 bytes)
Event: 1.833 Thread 0x0000013263d87fb0 2915       4       org.lombokweb.asm.MethodVisitor::<init> (79 bytes)
Event: 1.833 Thread 0x0000013249b4e610 2916       4       org.lombokweb.asm.ClassWriter::visitMethod (57 bytes)
Event: 1.833 Thread 0x000001326190c3c0 nmethod 2911 0x000001324d217d90 code [0x000001324d217fe0, 0x000001324d2188d8]
Event: 1.833 Thread 0x0000013261b69f70 nmethod 2912 0x000001324d218b10 code [0x000001324d218d20, 0x000001324d2193e0]
Event: 1.833 Thread 0x000001326184ba30 nmethod 2913 0x000001324d219610 code [0x000001324d219800, 0x000001324d219da8]
Event: 1.833 Thread 0x0000013261b65500 nmethod 2906 0x000001324d21a110 code [0x000001324d21a6e0, 0x000001324d21d028]
Event: 1.833 Thread 0x000001326190c3c0 2914       3       org.lombokweb.asm.MethodWriter::visitFrame (811 bytes)
Event: 1.834 Thread 0x0000013263d87fb0 nmethod 2915 0x000001325496e690 code [0x000001325496e820, 0x000001325496e8f0]
Event: 1.835 Thread 0x000001326190c3c0 nmethod 2914 0x000001324d21e290 code [0x000001324d21e7e0, 0x000001324d220a50]
Event: 1.840 Thread 0x0000013263d87fb0 2917       4       java.lang.StringConcatHelper::prepend (37 bytes)
Event: 1.841 Thread 0x0000013263d87fb0 nmethod 2917 0x000001325496e990 code [0x000001325496eb20, 0x000001325496ecd8]
Event: 1.849 Thread 0x0000013261b69f70 2918       3       org.lombokweb.asm.SymbolTable::hash (14 bytes)
Event: 1.849 Thread 0x0000013261b69f70 nmethod 2918 0x000001324d221990 code [0x000001324d221b20, 0x000001324d221c28]
Event: 1.849 Thread 0x0000013263d87fb0 2919       4       org.lombokweb.asm.MethodWriter::<init> (232 bytes)
Event: 1.850 Thread 0x0000013261b69f70 2921       3       org.lombokweb.asm.ClassReader::readStackMapFrame (535 bytes)
Event: 1.851 Thread 0x0000013261b69f70 nmethod 2921 0x000001324d221c90 code [0x000001324d221f40, 0x000001324d222f10]
Event: 1.853 Thread 0x0000013261b69f70 2923       3       org.lombokweb.asm.ByteVector::putByteArray (49 bytes)
Event: 1.853 Thread 0x0000013261b69f70 nmethod 2923 0x000001324d223510 code [0x000001324d2236e0, 0x000001324d2239a8]

GC Heap History (13 events):
Event: 0.339 GC heap before
{Heap before GC invocations=1 (full 0):
 PSYoungGen      total 29696K, used 25600K [0x00000000d5580000, 0x00000000d7680000, 0x0000000100000000)
  eden space 25600K, 100% used [0x00000000d5580000,0x00000000d6e80000,0x00000000d6e80000)
  from space 4096K, 0% used [0x00000000d7280000,0x00000000d7280000,0x00000000d7680000)
  to   space 4096K, 0% used [0x00000000d6e80000,0x00000000d6e80000,0x00000000d7280000)
 ParOldGen       total 68608K, used 0K [0x0000000080000000, 0x0000000084300000, 0x00000000d5580000)
  object space 68608K, 0% used [0x0000000080000000,0x0000000080000000,0x0000000084300000)
 Metaspace       used 4136K, committed 4416K, reserved 1114112K
  class space    used 452K, committed 576K, reserved 1048576K
}
Event: 0.344 GC heap after
{Heap after GC invocations=1 (full 0):
 PSYoungGen      total 29696K, used 3668K [0x00000000d5580000, 0x00000000d7680000, 0x0000000100000000)
  eden space 25600K, 0% used [0x00000000d5580000,0x00000000d5580000,0x00000000d6e80000)
  from space 4096K, 89% used [0x00000000d6e80000,0x00000000d72152a0,0x00000000d7280000)
  to   space 4096K, 0% used [0x00000000d7280000,0x00000000d7280000,0x00000000d7680000)
 ParOldGen       total 68608K, used 16K [0x0000000080000000, 0x0000000084300000, 0x00000000d5580000)
  object space 68608K, 0% used [0x0000000080000000,0x0000000080004000,0x0000000084300000)
 Metaspace       used 4136K, committed 4416K, reserved 1114112K
  class space    used 452K, committed 576K, reserved 1048576K
}
Event: 0.670 GC heap before
{Heap before GC invocations=2 (full 0):
 PSYoungGen      total 29696K, used 29268K [0x00000000d5580000, 0x00000000d7680000, 0x0000000100000000)
  eden space 25600K, 100% used [0x00000000d5580000,0x00000000d6e80000,0x00000000d6e80000)
  from space 4096K, 89% used [0x00000000d6e80000,0x00000000d72152a0,0x00000000d7280000)
  to   space 4096K, 0% used [0x00000000d7280000,0x00000000d7280000,0x00000000d7680000)
 ParOldGen       total 68608K, used 16K [0x0000000080000000, 0x0000000084300000, 0x00000000d5580000)
  object space 68608K, 0% used [0x0000000080000000,0x0000000080004000,0x0000000084300000)
 Metaspace       used 7963K, committed 8256K, reserved 1114112K
  class space    used 829K, committed 960K, reserved 1048576K
}
Event: 0.674 GC heap after
{Heap after GC invocations=2 (full 0):
 PSYoungGen      total 29696K, used 4070K [0x00000000d5580000, 0x00000000d7680000, 0x0000000100000000)
  eden space 25600K, 0% used [0x00000000d5580000,0x00000000d5580000,0x00000000d6e80000)
  from space 4096K, 99% used [0x00000000d7280000,0x00000000d7679800,0x00000000d7680000)
  to   space 4096K, 0% used [0x00000000d6e80000,0x00000000d6e80000,0x00000000d7280000)
 ParOldGen       total 68608K, used 1061K [0x0000000080000000, 0x0000000084300000, 0x00000000d5580000)
  object space 68608K, 1% used [0x0000000080000000,0x00000000801096b8,0x0000000084300000)
 Metaspace       used 7963K, committed 8256K, reserved 1114112K
  class space    used 829K, committed 960K, reserved 1048576K
}
Event: 0.947 GC heap before
{Heap before GC invocations=3 (full 0):
 PSYoungGen      total 29696K, used 29670K [0x00000000d5580000, 0x00000000d7680000, 0x0000000100000000)
  eden space 25600K, 100% used [0x00000000d5580000,0x00000000d6e80000,0x00000000d6e80000)
  from space 4096K, 99% used [0x00000000d7280000,0x00000000d7679800,0x00000000d7680000)
  to   space 4096K, 0% used [0x00000000d6e80000,0x00000000d6e80000,0x00000000d7280000)
 ParOldGen       total 68608K, used 1061K [0x0000000080000000, 0x0000000084300000, 0x00000000d5580000)
  object space 68608K, 1% used [0x0000000080000000,0x00000000801096b8,0x0000000084300000)
 Metaspace       used 12741K, committed 13312K, reserved 1114112K
  class space    used 1345K, committed 1600K, reserved 1048576K
}
Event: 0.949 GC heap after
{Heap after GC invocations=3 (full 0):
 PSYoungGen      total 29696K, used 4083K [0x00000000d5580000, 0x00000000d7680000, 0x0000000100000000)
  eden space 25600K, 0% used [0x00000000d5580000,0x00000000d5580000,0x00000000d6e80000)
  from space 4096K, 99% used [0x00000000d6e80000,0x00000000d727cd30,0x00000000d7280000)
  to   space 4096K, 0% used [0x00000000d7280000,0x00000000d7280000,0x00000000d7680000)
 ParOldGen       total 68608K, used 2572K [0x0000000080000000, 0x0000000084300000, 0x00000000d5580000)
  object space 68608K, 3% used [0x0000000080000000,0x00000000802830d0,0x0000000084300000)
 Metaspace       used 12741K, committed 13312K, reserved 1114112K
  class space    used 1345K, committed 1600K, reserved 1048576K
}
Event: 1.501 GC heap before
{Heap before GC invocations=4 (full 0):
 PSYoungGen      total 29696K, used 29683K [0x00000000d5580000, 0x00000000d7680000, 0x0000000100000000)
  eden space 25600K, 100% used [0x00000000d5580000,0x00000000d6e80000,0x00000000d6e80000)
  from space 4096K, 99% used [0x00000000d6e80000,0x00000000d727cd30,0x00000000d7280000)
  to   space 4096K, 0% used [0x00000000d7280000,0x00000000d7280000,0x00000000d7680000)
 ParOldGen       total 68608K, used 2572K [0x0000000080000000, 0x0000000084300000, 0x00000000d5580000)
  object space 68608K, 3% used [0x0000000080000000,0x00000000802830d0,0x0000000084300000)
 Metaspace       used 15156K, committed 15744K, reserved 1114112K
  class space    used 1586K, committed 1856K, reserved 1048576K
}
Event: 1.506 GC heap after
{Heap after GC invocations=4 (full 0):
 PSYoungGen      total 29696K, used 4094K [0x00000000d5580000, 0x00000000d7680000, 0x0000000100000000)
  eden space 25600K, 0% used [0x00000000d5580000,0x00000000d5580000,0x00000000d6e80000)
  from space 4096K, 99% used [0x00000000d7280000,0x00000000d767f8c8,0x00000000d7680000)
  to   space 4096K, 0% used [0x00000000d6e80000,0x00000000d6e80000,0x00000000d7280000)
 ParOldGen       total 68608K, used 10192K [0x0000000080000000, 0x0000000084300000, 0x00000000d5580000)
  object space 68608K, 14% used [0x0000000080000000,0x00000000809f43a0,0x0000000084300000)
 Metaspace       used 15156K, committed 15744K, reserved 1114112K
  class space    used 1586K, committed 1856K, reserved 1048576K
}
Event: 1.705 GC heap before
{Heap before GC invocations=5 (full 0):
 PSYoungGen      total 29696K, used 29694K [0x00000000d5580000, 0x00000000d7680000, 0x0000000100000000)
  eden space 25600K, 100% used [0x00000000d5580000,0x00000000d6e80000,0x00000000d6e80000)
  from space 4096K, 99% used [0x00000000d7280000,0x00000000d767f8c8,0x00000000d7680000)
  to   space 4096K, 0% used [0x00000000d6e80000,0x00000000d6e80000,0x00000000d7280000)
 ParOldGen       total 68608K, used 10192K [0x0000000080000000, 0x0000000084300000, 0x00000000d5580000)
  object space 68608K, 14% used [0x0000000080000000,0x00000000809f43a0,0x0000000084300000)
 Metaspace       used 18121K, committed 18752K, reserved 1114112K
  class space    used 1844K, committed 2112K, reserved 1048576K
}
Event: 1.708 GC heap after
{Heap after GC invocations=5 (full 0):
 PSYoungGen      total 29184K, used 4092K [0x00000000d5580000, 0x00000000d7d00000, 0x0000000100000000)
  eden space 25088K, 0% used [0x00000000d5580000,0x00000000d5580000,0x00000000d6e00000)
  from space 4096K, 99% used [0x00000000d6e80000,0x00000000d727f3e8,0x00000000d7280000)
  to   space 7680K, 0% used [0x00000000d7580000,0x00000000d7580000,0x00000000d7d00000)
 ParOldGen       total 68608K, used 11004K [0x0000000080000000, 0x0000000084300000, 0x00000000d5580000)
  object space 68608K, 16% used [0x0000000080000000,0x0000000080abf1d0,0x0000000084300000)
 Metaspace       used 18121K, committed 18752K, reserved 1114112K
  class space    used 1844K, committed 2112K, reserved 1048576K
}
Event: 1.856 GC heap before
{Heap before GC invocations=6 (full 0):
 PSYoungGen      total 29184K, used 21249K [0x00000000d5580000, 0x00000000d7d00000, 0x0000000100000000)
  eden space 25088K, 68% used [0x00000000d5580000,0x00000000d6641260,0x00000000d6e00000)
  from space 4096K, 99% used [0x00000000d6e80000,0x00000000d727f3e8,0x00000000d7280000)
  to   space 7680K, 0% used [0x00000000d7580000,0x00000000d7580000,0x00000000d7d00000)
 ParOldGen       total 68608K, used 11004K [0x0000000080000000, 0x0000000084300000, 0x00000000d5580000)
  object space 68608K, 16% used [0x0000000080000000,0x0000000080abf1d0,0x0000000084300000)
 Metaspace       used 20837K, committed 21504K, reserved 1114112K
  class space    used 2051K, committed 2368K, reserved 1048576K
}
Event: 1.859 GC heap after
{Heap after GC invocations=6 (full 0):
 PSYoungGen      total 30208K, used 4720K [0x00000000d5580000, 0x00000000d7a80000, 0x0000000100000000)
  eden space 25088K, 0% used [0x00000000d5580000,0x00000000d5580000,0x00000000d6e00000)
  from space 5120K, 92% used [0x00000000d7580000,0x00000000d7a1c050,0x00000000d7a80000)
  to   space 5632K, 0% used [0x00000000d6f80000,0x00000000d6f80000,0x00000000d7500000)
 ParOldGen       total 68608K, used 11004K [0x0000000080000000, 0x0000000084300000, 0x00000000d5580000)
  object space 68608K, 16% used [0x0000000080000000,0x0000000080abf1d0,0x0000000084300000)
 Metaspace       used 20837K, committed 21504K, reserved 1114112K
  class space    used 2051K, committed 2368K, reserved 1048576K
}
Event: 1.859 GC heap before
{Heap before GC invocations=7 (full 1):
 PSYoungGen      total 30208K, used 4720K [0x00000000d5580000, 0x00000000d7a80000, 0x0000000100000000)
  eden space 25088K, 0% used [0x00000000d5580000,0x00000000d5580000,0x00000000d6e00000)
  from space 5120K, 92% used [0x00000000d7580000,0x00000000d7a1c050,0x00000000d7a80000)
  to   space 5632K, 0% used [0x00000000d6f80000,0x00000000d6f80000,0x00000000d7500000)
 ParOldGen       total 68608K, used 11004K [0x0000000080000000, 0x0000000084300000, 0x00000000d5580000)
  object space 68608K, 16% used [0x0000000080000000,0x0000000080abf1d0,0x0000000084300000)
 Metaspace       used 20837K, committed 21504K, reserved 1114112K
  class space    used 2051K, committed 2368K, reserved 1048576K
}

Dll operation events (10 events):
Event: 0.006 Loaded shared library c:\Users\L13Y12W34\.vscode\extensions\redhat.java-1.52.0-win32-x64\jre\21.0.9-win32-x86_64\bin\java.dll
Event: 0.035 Loaded shared library c:\Users\L13Y12W34\.vscode\extensions\redhat.java-1.52.0-win32-x64\jre\21.0.9-win32-x86_64\bin\zip.dll
Event: 0.043 Loaded shared library C:\Users\L13Y12W34\.vscode\extensions\redhat.java-1.52.0-win32-x64\jre\21.0.9-win32-x86_64\bin\instrument.dll
Event: 0.046 Loaded shared library C:\Users\L13Y12W34\.vscode\extensions\redhat.java-1.52.0-win32-x64\jre\21.0.9-win32-x86_64\bin\net.dll
Event: 0.047 Loaded shared library C:\Users\L13Y12W34\.vscode\extensions\redhat.java-1.52.0-win32-x64\jre\21.0.9-win32-x86_64\bin\nio.dll
Event: 0.049 Loaded shared library C:\Users\L13Y12W34\.vscode\extensions\redhat.java-1.52.0-win32-x64\jre\21.0.9-win32-x86_64\bin\zip.dll
Event: 0.059 Loaded shared library C:\Users\L13Y12W34\.vscode\extensions\redhat.java-1.52.0-win32-x64\jre\21.0.9-win32-x86_64\bin\jimage.dll
Event: 0.095 Loaded shared library c:\Users\L13Y12W34\.vscode\extensions\redhat.java-1.52.0-win32-x64\jre\21.0.9-win32-x86_64\bin\verify.dll
Event: 0.704 Loaded shared library C:\Users\L13Y12W34\AppData\Roaming\Code\User\globalStorage\redhat.java\1.52.0\config_ss_win\org.eclipse.equinox.launcher\org.eclipse.equinox.launcher.win32.win32.x86_64_1.2.1500.v20260121-1430\eclipse_11919.dll
Event: 1.498 Loaded shared library C:\Users\L13Y12W34\AppData\Local\Temp\jna-1099776844\jna6163555690648678792.dll

Deoptimization events (20 events):
Event: 1.606 Thread 0x00000132680f9f00 DEOPT PACKING pc=0x000001325491fc94 sp=0x00000026c4cf3750
Event: 1.606 Thread 0x00000132680f9f00 DEOPT UNPACKING pc=0x0000013254133aa2 sp=0x00000026c4cf36f8 mode 2
Event: 1.606 Thread 0x00000132680f9f00 Uncommon trap: trap_request=0xffffffde fr.pc=0x000001325491fc94 relative=0x00000000000003b4
Event: 1.606 Thread 0x00000132680f9f00 Uncommon trap: reason=class_check action=maybe_recompile pc=0x000001325491fc94 method=java.util.regex.Pattern$BmpCharPropertyGreedy.match(Ljava/util/regex/Matcher;ILjava/lang/CharSequence;)Z @ 70 c2
Event: 1.606 Thread 0x00000132680f9f00 DEOPT PACKING pc=0x000001325491fc94 sp=0x00000026c4cf35a0
Event: 1.606 Thread 0x00000132680f9f00 DEOPT UNPACKING pc=0x0000013254133aa2 sp=0x00000026c4cf3548 mode 2
Event: 1.769 Thread 0x00000132680f9f00 DEOPT PACKING pc=0x000001324cddd039 sp=0x00000026c4cf0c60
Event: 1.769 Thread 0x00000132680f9f00 DEOPT UNPACKING pc=0x0000013254134242 sp=0x00000026c4cf0160 mode 0
Event: 1.832 Thread 0x00000132680f9f00 Uncommon trap: trap_request=0xffffff45 fr.pc=0x000001325496d2ec relative=0x000000000000014c
Event: 1.832 Thread 0x00000132680f9f00 Uncommon trap: reason=unstable_if action=reinterpret pc=0x000001325496d2ec method=org.lombokweb.asm.ByteVector.putByteArray([BII)Lorg/lombokweb/asm/ByteVector; @ 20 c2
Event: 1.832 Thread 0x00000132680f9f00 DEOPT PACKING pc=0x000001325496d2ec sp=0x00000026c4ceef90
Event: 1.832 Thread 0x00000132680f9f00 DEOPT UNPACKING pc=0x0000013254133aa2 sp=0x00000026c4ceef60 mode 2
Event: 1.832 Thread 0x00000132680f9f00 Uncommon trap: trap_request=0xffffff45 fr.pc=0x000001325496dfa4 relative=0x0000000000000364
Event: 1.832 Thread 0x00000132680f9f00 Uncommon trap: reason=unstable_if action=reinterpret pc=0x000001325496dfa4 method=org.lombokweb.asm.Label.resolve([BLorg/lombokweb/asm/ByteVector;I)Z @ 81 c2
Event: 1.832 Thread 0x00000132680f9f00 DEOPT PACKING pc=0x000001325496dfa4 sp=0x00000026c4cef020
Event: 1.832 Thread 0x00000132680f9f00 DEOPT UNPACKING pc=0x0000013254133aa2 sp=0x00000026c4ceef28 mode 2
Event: 1.833 Thread 0x00000132680f9f00 Uncommon trap: trap_request=0xffffff45 fr.pc=0x000001325496d83c relative=0x000000000000021c
Event: 1.833 Thread 0x00000132680f9f00 Uncommon trap: reason=unstable_if action=reinterpret pc=0x000001325496d83c method=org.lombokweb.asm.Label.resolve([BLorg/lombokweb/asm/ByteVector;I)Z @ 81 c2
Event: 1.833 Thread 0x00000132680f9f00 DEOPT PACKING pc=0x000001325496d83c sp=0x00000026c4ceef90
Event: 1.833 Thread 0x00000132680f9f00 DEOPT UNPACKING pc=0x0000013254133aa2 sp=0x00000026c4ceef20 mode 2

Classes loaded (20 events):
Event: 1.616 Loading class java/io/StringReader
Event: 1.616 Loading class java/io/StringReader done
Event: 1.623 Loading class java/util/zip/GZIPInputStream
Event: 1.623 Loading class java/util/zip/GZIPInputStream done
Event: 1.627 Loading class java/net/SocketTimeoutException
Event: 1.627 Loading class java/io/InterruptedIOException
Event: 1.627 Loading class java/io/InterruptedIOException done
Event: 1.627 Loading class java/net/SocketTimeoutException done
Event: 1.627 Loading class java/net/SocketException
Event: 1.627 Loading class java/net/SocketException done
Event: 1.627 Loading class java/net/UnknownHostException
Event: 1.627 Loading class java/net/UnknownHostException done
Event: 1.627 Loading class java/net/ProtocolException
Event: 1.627 Loading class java/net/ProtocolException done
Event: 1.640 Loading class java/lang/ThreadLocal$SuppliedThreadLocal
Event: 1.640 Loading class java/lang/ThreadLocal$SuppliedThreadLocal done
Event: 1.645 Loading class java/io/FileWriter
Event: 1.645 Loading class java/io/FileWriter done
Event: 1.648 Loading class java/lang/NegativeArraySizeException
Event: 1.648 Loading class java/lang/NegativeArraySizeException done

Classes unloaded (0 events):
No events

Classes redefined (0 events):
No events

Internal exceptions (20 events):
Event: 1.517 Thread 0x00000132680f9f00 Exception <a 'java/lang/NoSuchMethodError'{0x00000000d5646e30}: 'void java.lang.invoke.DelegatingMethodHandle$Holder.reinvoke_L(java.lang.Object, java.lang.Object, int)'> (0x00000000d5646e30) 
thrown [s\src\hotspot\share\interpreter\linkResolver.cpp, line 773]
Event: 1.517 Thread 0x00000132680f9f00 Exception <a 'java/lang/NoSuchMethodError'{0x00000000d564db18}: 'int java.lang.invoke.Invokers$Holder.invokeExact_MT(java.lang.Object, java.lang.Object, java.lang.Object)'> (0x00000000d564db18) 
thrown [s\src\hotspot\share\interpreter\linkResolver.cpp, line 773]
Event: 1.531 Thread 0x00000132680f9f00 Exception <a 'java/lang/NoSuchMethodError'{0x00000000d579e2e8}: 'void java.lang.invoke.Invokers$Holder.invokeExact_MT(java.lang.Object, java.lang.Object, int, java.lang.Object)'> (0x00000000d579e2e8) 
thrown [s\src\hotspot\share\interpreter\linkResolver.cpp, line 773]
Event: 1.544 Thread 0x00000132680f9f00 Exception <a 'java/lang/NoSuchMethodError'{0x00000000d589a3c0}: 'java.lang.Object java.lang.invoke.DirectMethodHandle$Holder.invokeSpecial(java.lang.Object, java.lang.Object, java.lang.Object, long, java.lang.Object)'> (0x00000000d589a3c0) 
thrown [s\src\hotspot\share\interpreter\linkResolver.cpp, line 773]
Event: 1.544 Thread 0x00000132680f9f00 Exception <a 'java/lang/NoSuchMethodError'{0x00000000d58a1c08}: 'java.lang.Object java.lang.invoke.DirectMethodHandle$Holder.newInvokeSpecial(java.lang.Object, java.lang.Object, java.lang.Object, long)'> (0x00000000d58a1c08) 
thrown [s\src\hotspot\share\interpreter\linkResolver.cpp, line 773]
Event: 1.544 Thread 0x00000132680f9f00 Exception <a 'java/lang/NoSuchMethodError'{0x00000000d58a5fb8}: 'java.lang.Object java.lang.invoke.DirectMethodHandle$Holder.invokeSpecial(java.lang.Object, java.lang.Object, java.lang.Object, java.lang.Object, long)'> (0x00000000d58a5fb8) 
thrown [s\src\hotspot\share\interpreter\linkResolver.cpp, line 773]
Event: 1.544 Thread 0x00000132680f9f00 Exception <a 'java/lang/NoSuchMethodError'{0x00000000d58a9e28}: 'java.lang.Object java.lang.invoke.Invokers$Holder.linkToTargetMethod(java.lang.Object, java.lang.Object, long, java.lang.Object)'> (0x00000000d58a9e28) 
thrown [s\src\hotspot\share\interpreter\linkResolver.cpp, line 773]
Event: 1.549 Thread 0x00000132680f9f00 Exception <a 'java/lang/NoSuchMethodError'{0x00000000d5902070}: 'int java.lang.invoke.DirectMethodHandle$Holder.invokeStaticInit(java.lang.Object, java.lang.Object, java.lang.Object)'> (0x00000000d5902070) 
thrown [s\src\hotspot\share\interpreter\linkResolver.cpp, line 773]
Event: 1.553 Thread 0x00000132680f9f00 Exception <a 'java/lang/IncompatibleClassChangeError'{0x00000000d59a3260}: Found class java.lang.Object, but interface was expected> (0x00000000d59a3260) 
thrown [s\src\hotspot\share\interpreter\linkResolver.cpp, line 840]
Event: 1.555 Thread 0x00000132680f9f00 Exception <a 'java/lang/NoSuchMethodError'{0x00000000d59b5bc0}: 'java.lang.Object java.lang.invoke.DirectMethodHandle$Holder.invokeSpecial(java.lang.Object, java.lang.Object, java.lang.Object, int, java.lang.Object, java.lang.Object)'> (0x00000000d59b5bc0) 
thrown [s\src\hotspot\share\interpreter\linkResolver.cpp, line 773]
Event: 1.555 Thread 0x00000132680f9f00 Exception <a 'java/lang/NoSuchMethodError'{0x00000000d59bd698}: 'java.lang.Object java.lang.invoke.DirectMethodHandle$Holder.newInvokeSpecial(java.lang.Object, java.lang.Object, java.lang.Object, int, java.lang.Object)'> (0x00000000d59bd698) 
thrown [s\src\hotspot\share\interpreter\linkResolver.cpp, line 773]
Event: 1.555 Thread 0x00000132680f9f00 Exception <a 'java/lang/NoSuchMethodError'{0x00000000d59c1618}: 'java.lang.Object java.lang.invoke.DirectMethodHandle$Holder.invokeSpecial(java.lang.Object, java.lang.Object, java.lang.Object, java.lang.Object, int, java.lang.Object)'> (0x00000000d59c1618) 
thrown [s\src\hotspot\share\interpreter\linkResolver.cpp, line 773]
Event: 1.555 Thread 0x00000132680f9f00 Exception <a 'java/lang/NoSuchMethodError'{0x00000000d59c5158}: 'java.lang.Object java.lang.invoke.Invokers$Holder.linkToTargetMethod(java.lang.Object, java.lang.Object, int, java.lang.Object, java.lang.Object)'> (0x00000000d59c5158) 
thrown [s\src\hotspot\share\interpreter\linkResolver.cpp, line 773]
Event: 1.556 Thread 0x00000132619b48a0 Exception <a 'java/lang/NoSuchMethodError'{0x00000000d59039e8}: 'java.lang.Object java.lang.invoke.DirectMethodHandle$Holder.invokeSpecial(java.lang.Object, java.lang.Object, int, java.lang.Object, java.lang.Object)'> (0x00000000d59039e8) 
thrown [s\src\hotspot\share\interpreter\linkResolver.cpp, line 773]
Event: 1.556 Thread 0x00000132619b48a0 Exception <a 'java/lang/NoSuchMethodError'{0x00000000d590a720}: 'java.lang.Object java.lang.invoke.DirectMethodHandle$Holder.newInvokeSpecial(java.lang.Object, java.lang.Object, int, java.lang.Object)'> (0x00000000d590a720) 
thrown [s\src\hotspot\share\interpreter\linkResolver.cpp, line 773]
Event: 1.556 Thread 0x00000132619b48a0 Exception <a 'java/lang/NoSuchMethodError'{0x00000000d590e000}: 'java.lang.Object java.lang.invoke.DirectMethodHandle$Holder.invokeSpecial(java.lang.Object, java.lang.Object, java.lang.Object, int, java.lang.Object)'> (0x00000000d590e000) 
thrown [s\src\hotspot\share\interpreter\linkResolver.cpp, line 773]
Event: 1.564 Thread 0x00000132680f9f00 Exception <a 'java/lang/NoSuchMethodError'{0x00000000d5ae6948}: 'void java.lang.invoke.DirectMethodHandle$Holder.invokeSpecial(java.lang.Object, java.lang.Object, java.lang.Object, java.lang.Object, java.lang.Object)'> (0x00000000d5ae6948) 
thrown [s\src\hotspot\share\interpreter\linkResolver.cpp, line 773]
Event: 1.595 Thread 0x00000132680f9f00 Exception <a 'java/lang/NoSuchMethodError'{0x00000000d5d11578}: 'double java.lang.invoke.DirectMethodHandle$Holder.invokeStatic(java.lang.Object, java.lang.Object)'> (0x00000000d5d11578) 
thrown [s\src\hotspot\share\interpreter\linkResolver.cpp, line 773]
Event: 1.596 Thread 0x00000132680f9f00 Exception <a 'java/lang/NoSuchMethodError'{0x00000000d5d14c38}: 'double java.lang.invoke.DirectMethodHandle$Holder.invokeStaticInit(java.lang.Object, java.lang.Object)'> (0x00000000d5d14c38) 
thrown [s\src\hotspot\share\interpreter\linkResolver.cpp, line 773]
Event: 1.832 Thread 0x00000132680f9f00 Implicit null exception at 0x000001325496d1f5 to 0x000001325496d2d0

ZGC Phase Switch (0 events):
No events

VM Operations (20 events):
Event: 0.777 Executing VM operation: HandshakeAllThreads (Deoptimize) done
Event: 0.906 Executing VM operation: HandshakeAllThreads (Deoptimize)
Event: 0.906 Executing VM operation: HandshakeAllThreads (Deoptimize) done
Event: 0.947 Executing VM operation: ParallelGCFailedAllocation (Allocation Failure)
Event: 0.949 Executing VM operation: ParallelGCFailedAllocation (Allocation Failure) done
Event: 1.007 Executing VM operation: HandshakeAllThreads (Deoptimize)
Event: 1.007 Executing VM operation: HandshakeAllThreads (Deoptimize) done
Event: 1.010 Executing VM operation: HandshakeAllThreads (Deoptimize)
Event: 1.010 Executing VM operation: HandshakeAllThreads (Deoptimize) done
Event: 1.019 Executing VM operation: HandshakeAllThreads (Deoptimize)
Event: 1.019 Executing VM operation: HandshakeAllThreads (Deoptimize) done
Event: 1.174 Executing VM operation: HandshakeAllThreads (Deoptimize)
Event: 1.174 Executing VM operation: HandshakeAllThreads (Deoptimize) done
Event: 1.501 Executing VM operation: ParallelGCFailedAllocation (Allocation Failure)
Event: 1.506 Executing VM operation: ParallelGCFailedAllocation (Allocation Failure) done
Event: 1.508 Executing VM operation: HandshakeAllThreads (Deoptimize)
Event: 1.508 Executing VM operation: HandshakeAllThreads (Deoptimize) done
Event: 1.705 Executing VM operation: ParallelGCFailedAllocation (Allocation Failure)
Event: 1.708 Executing VM operation: ParallelGCFailedAllocation (Allocation Failure) done
Event: 1.856 Executing VM operation: CollectForMetadataAllocation (Metadata GC Threshold)

Memory protections (0 events):
No events

Nmethod flushes (0 events):
No events

Events (20 events):
Event: 0.044 Thread 0x0000013249a8b840 Thread added: 0x0000013261aed7f0
Event: 0.063 Thread 0x000001326190c3c0 Thread added: 0x0000013261b69f70
Event: 0.064 Thread 0x000001326190c3c0 Thread added: 0x0000013261b65500
Event: 0.138 Thread 0x0000013249a8b840 Thread added: 0x0000013263795de0
Event: 0.483 Thread 0x0000013261b69f70 Thread added: 0x0000013263d89af0
Event: 0.590 Thread 0x0000013249a8b840 Thread added: 0x00000132681d16d0
Event: 0.693 Thread 0x0000013249a8b840 Thread added: 0x0000013263dd8e00
Event: 0.696 Thread 0x0000013249a8b840 Thread added: 0x00000132680f9f00
Event: 0.770 Thread 0x00000132680f9f00 Thread added: 0x00000132683d9280
Event: 0.926 Thread 0x00000132680f9f00 Thread added: 0x000001326838b2f0
Event: 0.928 Thread 0x0000013263d89af0 Thread exited: 0x0000013263d89af0
Event: 1.083 Thread 0x00000132619934e0 Thread added: 0x0000013263d8b630
Event: 1.506 Thread 0x0000013263d8b630 Thread exited: 0x0000013263d8b630
Event: 1.506 Thread 0x00000132619934e0 Thread exited: 0x00000132619934e0
Event: 1.521 Thread 0x00000132680f9f00 Thread added: 0x00000132619934e0
Event: 1.546 Thread 0x00000132680f9f00 Thread added: 0x00000132619b48a0
Event: 1.556 Thread 0x00000132680f9f00 Thread added: 0x0000013268bc8860
Event: 1.663 Thread 0x0000013261b69f70 Thread added: 0x0000013263d87fb0
Event: 1.666 Thread 0x000001326184ba30 Thread added: 0x0000013263d8a1c0
Event: 1.810 Thread 0x0000013263d8a1c0 Thread exited: 0x0000013263d8a1c0


Dynamic libraries:
0x00007ff649f80000 - 0x00007ff649f8e000 	c:\Users\L13Y12W34\.vscode\extensions\redhat.java-1.52.0-win32-x64\jre\21.0.9-win32-x86_64\bin\java.exe
0x00007ffbbadc0000 - 0x00007ffbbb028000 	C:\WINDOWS\SYSTEM32\ntdll.dll
0x00007ffbba1f0000 - 0x00007ffbba2b9000 	C:\WINDOWS\System32\KERNEL32.DLL
0x00007ffbb7950000 - 0x00007ffbb7d41000 	C:\WINDOWS\System32\KERNELBASE.dll
0x00007ffbb8870000 - 0x00007ffbb89bb000 	C:\WINDOWS\System32\ucrtbase.dll
0x00007ffb9f330000 - 0x00007ffb9f348000 	c:\Users\L13Y12W34\.vscode\extensions\redhat.java-1.52.0-win32-x64\jre\21.0.9-win32-x86_64\bin\jli.dll
0x00007ffb998a0000 - 0x00007ffb998be000 	c:\Users\L13Y12W34\.vscode\extensions\redhat.java-1.52.0-win32-x64\jre\21.0.9-win32-x86_64\bin\VCRUNTIME140.dll
0x00007ffbb9360000 - 0x00007ffbb9526000 	C:\WINDOWS\System32\USER32.dll
0x00007ffba4ab0000 - 0x00007ffba4d43000 	C:\WINDOWS\WinSxS\amd64_microsoft.windows.common-controls_6595b64144ccf1df_6.0.26100.7824_none_3e0870b2e3345462\COMCTL32.dll
0x00007ffbb8b30000 - 0x00007ffbb8b57000 	C:\WINDOWS\System32\win32u.dll
0x00007ffbb9fd0000 - 0x00007ffbba079000 	C:\WINDOWS\System32\msvcrt.dll
0x00007ffbbad30000 - 0x00007ffbbad5b000 	C:\WINDOWS\System32\GDI32.dll
0x00007ffbb8740000 - 0x00007ffbb886b000 	C:\WINDOWS\System32\gdi32full.dll
0x00007ffbb76a0000 - 0x00007ffbb7743000 	C:\WINDOWS\System32\msvcp_win.dll
0x00007ffbb8cd0000 - 0x00007ffbb8d01000 	C:\WINDOWS\System32\IMM32.DLL
0x00007ffba3ba0000 - 0x00007ffba3bac000 	c:\Users\L13Y12W34\.vscode\extensions\redhat.java-1.52.0-win32-x64\jre\21.0.9-win32-x86_64\bin\vcruntime140_1.dll
0x00007ffb832f0000 - 0x00007ffb8337d000 	c:\Users\L13Y12W34\.vscode\extensions\redhat.java-1.52.0-win32-x64\jre\21.0.9-win32-x86_64\bin\msvcp140.dll
0x00007ffb1d020000 - 0x00007ffb1ddc0000 	c:\Users\L13Y12W34\.vscode\extensions\redhat.java-1.52.0-win32-x64\jre\21.0.9-win32-x86_64\bin\server\jvm.dll
0x00007ffbb9530000 - 0x00007ffbb95e4000 	C:\WINDOWS\System32\ADVAPI32.dll
0x00007ffbb95f0000 - 0x00007ffbb9696000 	C:\WINDOWS\System32\sechost.dll
0x00007ffbb8d10000 - 0x00007ffbb8e28000 	C:\WINDOWS\System32\RPCRT4.dll
0x00007ffbba820000 - 0x00007ffbba894000 	C:\WINDOWS\System32\WS2_32.dll
0x00007ffbb7350000 - 0x00007ffbb73ae000 	C:\WINDOWS\SYSTEM32\POWRPROF.dll
0x00007ffbacd10000 - 0x00007ffbacd45000 	C:\WINDOWS\SYSTEM32\WINMM.dll
0x00007ffbb14b0000 - 0x00007ffbb14bb000 	C:\WINDOWS\SYSTEM32\VERSION.dll
0x00007ffbb7330000 - 0x00007ffbb7344000 	C:\WINDOWS\SYSTEM32\UMPDC.dll
0x00007ffbb6400000 - 0x00007ffbb641b000 	C:\WINDOWS\SYSTEM32\kernel.appcore.dll
0x00007ffba0f60000 - 0x00007ffba0f6a000 	c:\Users\L13Y12W34\.vscode\extensions\redhat.java-1.52.0-win32-x64\jre\21.0.9-win32-x86_64\bin\jimage.dll
0x00007ffba8050000 - 0x00007ffba8292000 	C:\WINDOWS\SYSTEM32\DBGHELP.DLL
0x00007ffbba380000 - 0x00007ffbba706000 	C:\WINDOWS\System32\combase.dll
0x00007ffbb9ef0000 - 0x00007ffbb9fc7000 	C:\WINDOWS\System32\OLEAUT32.dll
0x00007ffb9a4f0000 - 0x00007ffb9a52b000 	C:\WINDOWS\SYSTEM32\dbgcore.DLL
0x00007ffbb7750000 - 0x00007ffbb77f5000 	C:\WINDOWS\System32\bcryptPrimitives.dll
0x00007ffba0c30000 - 0x00007ffba0c3f000 	c:\Users\L13Y12W34\.vscode\extensions\redhat.java-1.52.0-win32-x64\jre\21.0.9-win32-x86_64\bin\instrument.dll
0x00007ffb90b10000 - 0x00007ffb90b30000 	c:\Users\L13Y12W34\.vscode\extensions\redhat.java-1.52.0-win32-x64\jre\21.0.9-win32-x86_64\bin\java.dll
0x00007ffbb96a0000 - 0x00007ffbb9df2000 	C:\WINDOWS\System32\SHELL32.dll
0x00007ffbb89c0000 - 0x00007ffbb8b2a000 	C:\WINDOWS\System32\wintypes.dll
0x00007ffbb7ed0000 - 0x00007ffbb8733000 	C:\WINDOWS\System32\windows.storage.dll
0x00007ffbb8b70000 - 0x00007ffbb8c66000 	C:\WINDOWS\System32\SHCORE.dll
0x00007ffbb90e0000 - 0x00007ffbb9147000 	C:\WINDOWS\System32\shlwapi.dll
0x00007ffbb75c0000 - 0x00007ffbb75e9000 	C:\WINDOWS\SYSTEM32\profapi.dll
0x00007ffb90830000 - 0x00007ffb90848000 	c:\Users\L13Y12W34\.vscode\extensions\redhat.java-1.52.0-win32-x64\jre\21.0.9-win32-x86_64\bin\zip.dll
0x00007ffba0b90000 - 0x00007ffba0ba0000 	C:\Users\L13Y12W34\.vscode\extensions\redhat.java-1.52.0-win32-x64\jre\21.0.9-win32-x86_64\bin\net.dll
0x00007ffbb1de0000 - 0x00007ffbb1f07000 	C:\WINDOWS\SYSTEM32\WINHTTP.dll
0x00007ffbb6950000 - 0x00007ffbb69bb000 	C:\WINDOWS\system32\mswsock.dll
0x00007ffb8edb0000 - 0x00007ffb8edc6000 	C:\Users\L13Y12W34\.vscode\extensions\redhat.java-1.52.0-win32-x64\jre\21.0.9-win32-x86_64\bin\nio.dll
0x00007ffb9c9b0000 - 0x00007ffb9c9c0000 	c:\Users\L13Y12W34\.vscode\extensions\redhat.java-1.52.0-win32-x64\jre\21.0.9-win32-x86_64\bin\verify.dll
0x00007ffb8c520000 - 0x00007ffb8c565000 	C:\Users\L13Y12W34\AppData\Roaming\Code\User\globalStorage\redhat.java\1.52.0\config_ss_win\org.eclipse.equinox.launcher\org.eclipse.equinox.launcher.win32.win32.x86_64_1.2.1500.v20260121-1430\eclipse_11919.dll
0x00007ffbb8e30000 - 0x00007ffbb8fc7000 	C:\WINDOWS\System32\ole32.dll
0x00007ffbb6d40000 - 0x00007ffbb6d5b000 	C:\WINDOWS\SYSTEM32\CRYPTSP.dll
0x00007ffbb6360000 - 0x00007ffbb6399000 	C:\WINDOWS\system32\rsaenh.dll
0x00007ffbb6a00000 - 0x00007ffbb6a2b000 	C:\WINDOWS\SYSTEM32\USERENV.dll
0x00007ffbb7590000 - 0x00007ffbb75ba000 	C:\WINDOWS\SYSTEM32\bcrypt.dll
0x00007ffbb6ba0000 - 0x00007ffbb6bac000 	C:\WINDOWS\SYSTEM32\CRYPTBASE.dll
0x00007ffbb5b60000 - 0x00007ffbb5b94000 	C:\WINDOWS\SYSTEM32\IPHLPAPI.DLL
0x00007ffbba810000 - 0x00007ffbba81a000 	C:\WINDOWS\System32\NSI.dll
0x00007ffb88530000 - 0x00007ffb88579000 	C:\Users\L13Y12W34\AppData\Local\Temp\jna-1099776844\jna6163555690648678792.dll
0x00007ffbb9e90000 - 0x00007ffbb9e98000 	C:\WINDOWS\System32\PSAPI.DLL

JVMTI agents:
c:\Users\L13Y12W34\.vscode\extensions\redhat.java-1.52.0-win32-x64\lombok\lombok-1.18.39-4050.jar path:c:\Users\L13Y12W34\.vscode\extensions\redhat.java-1.52.0-win32-x64\jre\21.0.9-win32-x86_64\bin\instrument.dll, loaded, initialized, instrumentlib options:none

dbghelp: loaded successfully - version: 4.0.5 - missing functions: none
symbol engine: initialized successfully - sym options: 0x614 - pdb path: .;c:\Users\L13Y12W34\.vscode\extensions\redhat.java-1.52.0-win32-x64\jre\21.0.9-win32-x86_64\bin;C:\WINDOWS\SYSTEM32;C:\WINDOWS\WinSxS\amd64_microsoft.windows.common-controls_6595b64144ccf1df_6.0.26100.7824_none_3e0870b2e3345462;c:\Users\L13Y12W34\.vscode\extensions\redhat.java-1.52.0-win32-x64\jre\21.0.9-win32-x86_64\bin\server;C:\Users\L13Y12W34\AppData\Roaming\Code\User\globalStorage\redhat.java\1.52.0\config_ss_win\org.eclipse.equinox.launcher\org.eclipse.equinox.launcher.win32.win32.x86_64_1.2.1500.v20260121-1430;C:\Users\L13Y12W34\AppData\Local\Temp\jna-1099776844

VM Arguments:
jvm_args: --add-modules=ALL-SYSTEM --add-opens=java.base/java.util=ALL-UNNAMED --add-opens=java.base/java.lang=ALL-UNNAMED --add-opens=java.base/sun.nio.fs=ALL-UNNAMED -Declipse.application=org.eclipse.jdt.ls.core.id1 -Dosgi.bundles.defaultStartLevel=4 -Declipse.product=org.eclipse.jdt.ls.core.product -Djava.import.generatesMetadataFilesAtProjectRoot=false -DDetectVMInstallationsJob.disabled=true -Dfile.encoding=utf8 -XX:+UseParallelGC -XX:GCTimeRatio=4 -XX:AdaptiveSizePolicyWeight=90 -Dsun.zip.disableMemoryMapping=true -Xmx2G -Xms100m -Xlog:disable -javaagent:c:\Users\L13Y12W34\.vscode\extensions\redhat.java-1.52.0-win32-x64\lombok\lombok-1.18.39-4050.jar 
java_command: c:\Users\L13Y12W34\.vscode\extensions\redhat.java-1.52.0-win32-x64\server\plugins\org.eclipse.equinox.launcher_1.7.100.v20251111-0406.jar -configuration c:\Users\L13Y12W34\AppData\Roaming\Code\User\globalStorage\redhat.java\1.52.0\config_ss_win -data c:\Users\L13Y12W34\AppData\Roaming\Code\User\workspaceStorage\81c2366c4961ac01a9f396c3f40e7621\redhat.java\ss_ws --pipe=\\.\pipe\lsp-5bae454045d846ac418184863bc610a7-sock
java_class_path (initial): c:\Users\L13Y12W34\.vscode\extensions\redhat.java-1.52.0-win32-x64\server\plugins\org.eclipse.equinox.launcher_1.7.100.v20251111-0406.jar
Launcher Type: SUN_STANDARD

[Global flags]
    uintx AdaptiveSizePolicyWeight                 = 90                                        {product} {command line}
     intx CICompilerCount                          = 12                                        {product} {ergonomic}
    uintx GCTimeRatio                              = 4                                         {product} {command line}
   size_t InitialHeapSize                          = 104857600                                 {product} {command line}
   size_t MaxHeapSize                              = 2147483648                                {product} {command line}
   size_t MaxNewSize                               = 715653120                                 {product} {ergonomic}
   size_t MinHeapDeltaBytes                        = 524288                                    {product} {ergonomic}
   size_t MinHeapSize                              = 104857600                                 {product} {command line}
   size_t NewSize                                  = 34603008                                  {product} {ergonomic}
    uintx NonNMethodCodeHeapSize                   = 7602480                                {pd product} {ergonomic}
    uintx NonProfiledCodeHeapSize                  = 122027880                              {pd product} {ergonomic}
   size_t OldSize                                  = 70254592                                  {product} {ergonomic}
    uintx ProfiledCodeHeapSize                     = 122027880                              {pd product} {ergonomic}
    uintx ReservedCodeCacheSize                    = 251658240                              {pd product} {ergonomic}
     bool SegmentedCodeCache                       = true                                      {product} {ergonomic}
   size_t SoftMaxHeapSize                          = 2147483648                             {manageable} {ergonomic}
     bool UseCompressedOops                        = true                           {product lp64_product} {ergonomic}
     bool UseLargePagesIndividualAllocation        = false                                  {pd product} {ergonomic}
     bool UseParallelGC                            = true                                      {product} {command line}

Logging:
Log output configuration:
 #0: stdout all=off uptime,level,tags foldmultilines=false
 #1: stderr all=off uptime,level,tags foldmultilines=false

Release file:
JAVA_VERSION="21.0.9" 
MODULES="java.base java.compiler java.datatransfer java.xml java.prefs java.desktop java.instrument java.logging java.management java.security.sasl java.naming java.rmi java.management.rmi java.net.http java.scripting java.security.jgss java.transaction.xa java.sql java.sql.rowset java.xml.crypto java.se java.smartcardio jdk.accessibility jdk.internal.jvmstat jdk.attach jdk.charsets jdk.internal.opt jdk.zipfs jdk.compiler jdk.crypto.ec jdk.crypto.cryptoki jdk.crypto.mscapi jdk.dynalink jdk.internal.ed jdk.editpad jdk.hotspot.agent jdk.httpserver jdk.internal.le jdk.internal.vm.ci jdk.internal.vm.compiler jdk.internal.vm.compiler.management jdk.jartool jdk.javadoc jdk.jcmd jdk.management jdk.management.agent jdk.jconsole jdk.jdeps jdk.jdwp.agent jdk.jdi jdk.jfr jdk.jshell jdk.jsobject jdk.jstatd jdk.localedata jdk.management.jfr jdk.naming.dns jdk.naming.rmi jdk.net jdk.nio.mapmode jdk.random jdk.sctp jdk.security.auth jdk.security.jgss jdk.unsupported jdk.unsupported.desktop jdk.xml.dom" 

Environment Variables:
PATH=C:\Program Files (x86)\VMware\VMware Workstation\bin\;C:\Program Files\Microsoft\jdk-11.0.12.7-hotspot\bin;C:\Program Files\Common Files\Oracle\Java\javapath;C:\Program Files (x86)\Common Files\Oracle\Java\javapath;C:\WINDOWS\system32;C:\WINDOWS;C:\WINDOWS\System32\Wbem;C:\WINDOWS\System32\WindowsPowerShell\v1.0\;C:\WINDOWS\System32\OpenSSH\;C:\Program Files\Microsoft SQL Server\150\Tools\Binn\;C:\Program Files\Microsoft SQL Server\Client SDK\ODBC\170\Tools\Binn\;C:\Program Files\dotnet\;C:\Program Files (x86)\IncrediBuild;C:\Program Files\Git\cmd;C:\Program Files\nodejs\;C:\Users\L13Y12W34\AppData\Local\Microsoft\WindowsApps;C:\Users\L13Y12W34\AppData\Local\Programs\Microsoft VS Code\bin;D:\Windsurf\bin
USERNAME=L13y12W34
OS=Windows_NT
PROCESSOR_IDENTIFIER=Intel64 Family 6 Model 151 Stepping 2, GenuineIntel
TMP=C:\Users\L13Y12~1\AppData\Local\Temp
TEMP=C:\Users\L13Y12~1\AppData\Local\Temp




Periodic native trim disabled

---------------  S Y S T E M  ---------------

OS:
 Windows 11 , 64 bit Build 26100 (10.0.26100.7705)
OS uptime: 0 days 2:50 hours
Hyper-V role detected

CPU: total 20 (initial active 20) (10 cores per cpu, 2 threads per core) family 6 model 151 stepping 2 microcode 0x23, cx8, cmov, fxsr, ht, mmx, 3dnowpref, sse, sse2, sse3, ssse3, sse4.1, sse4.2, popcnt, lzcnt, tsc, tscinvbit, avx, avx2, aes, erms, clmul, bmi1, bmi2, adx, sha, fma, vzeroupper, clflush, clflushopt, clwb, hv, serialize, rdtscp, rdpid, fsrm, f16c, cet_ibt, cet_ss
Processor Information for processor 0
  Max Mhz: 2100, Current Mhz: 2100, Mhz Limit: 2100
Processor Information for processor 1
  Max Mhz: 2100, Current Mhz: 2100, Mhz Limit: 2100
Processor Information for processor 2
  Max Mhz: 2100, Current Mhz: 2100, Mhz Limit: 2100
Processor Information for processor 3
  Max Mhz: 2100, Current Mhz: 2100, Mhz Limit: 2100
Processor Information for processor 4
  Max Mhz: 2100, Current Mhz: 2100, Mhz Limit: 2100
Processor Information for processor 5
  Max Mhz: 2100, Current Mhz: 2100, Mhz Limit: 2100
Processor Information for processor 6
  Max Mhz: 2100, Current Mhz: 2100, Mhz Limit: 2100
Processor Information for processor 7
  Max Mhz: 2100, Current Mhz: 2100, Mhz Limit: 2100
Processor Information for processor 8
  Max Mhz: 2100, Current Mhz: 2100, Mhz Limit: 2100
Processor Information for processor 9
  Max Mhz: 2100, Current Mhz: 2100, Mhz Limit: 2100
Processor Information for processor 10
  Max Mhz: 2100, Current Mhz: 2100, Mhz Limit: 2100
Processor Information for processor 11
  Max Mhz: 2100, Current Mhz: 2100, Mhz Limit: 2100
Processor Information for processor 12
  Max Mhz: 2100, Current Mhz: 2100, Mhz Limit: 2100
Processor Information for processor 13
  Max Mhz: 2100, Current Mhz: 2100, Mhz Limit: 2100
Processor Information for processor 14
  Max Mhz: 2100, Current Mhz: 2100, Mhz Limit: 2100
Processor Information for processor 15
  Max Mhz: 2100, Current Mhz: 2100, Mhz Limit: 2100
Processor Information for processor 16
  Max Mhz: 2100, Current Mhz: 1600, Mhz Limit: 1596
Processor Information for processor 17
  Max Mhz: 2100, Current Mhz: 1600, Mhz Limit: 1596
Processor Information for processor 18
  Max Mhz: 2100, Current Mhz: 1600, Mhz Limit: 1596
Processor Information for processor 19
  Max Mhz: 2100, Current Mhz: 1600, Mhz Limit: 1596

Memory: 4k page, system-wide physical 16125M (2364M free)
TotalPageFile size 20662M (AvailPageFile size 1951M)
current process WorkingSet (physical memory assigned to process): 151M, peak: 151M
current process commit charge ("private bytes"): 306M, peak: 307M

vm_info: OpenJDK 64-Bit Server VM (21.0.9+10-LTS) for windows-amd64 JRE (21.0.9+10-LTS), built on 2025-10-21T00:00:00Z by "admin" with unknown MS VC++:1942

END.
